2025-03-22 19:06:02,716 [INFO] Configuration chargée : Config(DATABASE_URL='sqlite:///data.db', DEBUG=True, SECRET_KEY='ma_super_cle_secrete')
2025-03-22 19:06:18,957 [INFO] Configuration chargée : Config(DATABASE_URL='sqlite:///data.db', DEBUG=True, SECRET_KEY='ma_super_cle_secrete')
2025-03-22 19:07:57,068 [INFO] Configuration chargée : Config(DATABASE_URL='sqlite:///data.db', DEBUG=True, SECRET_KEY='ma_super_cle_secrete')
2025-03-22 19:07:57,365 [INFO] Configuration chargée : Config(DATABASE_URL='sqlite:///data.db', DEBUG=True, SECRET_KEY='ma_super_cle_secrete')
2025-03-22 19:07:57,372 [INFO] BEGIN (implicit)
2025-03-22 19:07:57,372 [INFO] PRAGMA main.table_info("profile")
2025-03-22 19:07:57,372 [INFO] [raw sql] ()
2025-03-22 19:07:57,374 [INFO] PRAGMA temp.table_info("profile")
2025-03-22 19:07:57,374 [INFO] [raw sql] ()
2025-03-22 19:07:57,375 [INFO] 
CREATE TABLE profile (
	id VARCHAR NOT NULL, 
	name VARCHAR, 
	amount FLOAT, 
	category VARCHAR, 
	PRIMARY KEY (id)
)


2025-03-22 19:07:57,375 [INFO] [no key 0.00011s] ()
2025-03-22 19:07:57,391 [INFO] COMMIT
2025-03-22 19:07:57,398 [INFO] [31m[1mWARNING: This is a development server. Do not use it in a production deployment. Use a production WSGI server instead.[0m
 * Running on http://127.0.0.1:5000
2025-03-22 19:07:57,398 [INFO] [33mPress CTRL+C to quit[0m
2025-03-22 19:07:59,458 [INFO] 127.0.0.1 - - [22/Mar/2025 19:07:59] "[31m[1mGET / HTTP/1.1[0m" 401 -
2025-03-22 19:08:19,763 [INFO] 127.0.0.1 - - [22/Mar/2025 19:08:19] "[32mGET / HTTP/1.1[0m" 302 -
2025-03-22 19:08:19,848 [INFO] 127.0.0.1 - - [22/Mar/2025 19:08:19] "GET /admin HTTP/1.1" 200 -
2025-03-22 19:08:19,981 [INFO] 127.0.0.1 - - [22/Mar/2025 19:08:19] "[33mGET /favicon.ico HTTP/1.1[0m" 404 -
2025-03-22 19:08:21,298 [INFO] 127.0.0.1 - - [22/Mar/2025 19:08:21] "GET /display_create_user HTTP/1.1" 200 -
2025-03-22 19:08:23,292 [ERROR] Exception on /display_delete_user_page [GET]
Traceback (most recent call last):
  File "C:\Users\vincc\Documents\Archilog\.venv\lib\site-packages\flask\app.py", line 1511, in wsgi_app
    response = self.full_dispatch_request()
  File "C:\Users\vincc\Documents\Archilog\.venv\lib\site-packages\flask\app.py", line 919, in full_dispatch_request
    rv = self.handle_user_exception(e)
  File "C:\Users\vincc\Documents\Archilog\.venv\lib\site-packages\flask\app.py", line 917, in full_dispatch_request
    rv = self.dispatch_request()
  File "C:\Users\vincc\Documents\Archilog\.venv\lib\site-packages\flask\app.py", line 902, in dispatch_request
    return self.ensure_sync(self.view_functions[rule.endpoint])(**view_args)  # type: ignore[no-any-return]
  File "C:\Users\vincc\Documents\Archilog\src\archilog\views\web_ui.py", line 85, in display_delete_user_page
    return render_template('delete.html', form=form)
  File "C:\Users\vincc\Documents\Archilog\.venv\lib\site-packages\flask\templating.py", line 150, in render_template
    return _render(app, template, context)
  File "C:\Users\vincc\Documents\Archilog\.venv\lib\site-packages\flask\templating.py", line 131, in _render
    rv = template.render(context)
  File "C:\Users\vincc\Documents\Archilog\.venv\lib\site-packages\jinja2\environment.py", line 1295, in render
    self.environment.handle_exception()
  File "C:\Users\vincc\Documents\Archilog\.venv\lib\site-packages\jinja2\environment.py", line 942, in handle_exception
    raise rewrite_traceback_stack(source=source)
  File "C:\Users\vincc\Documents\Archilog\src\archilog\templates\delete.html", line 12, in top-level template code
    <form action="{{ url_for('web_ui.delete_user') }}" method="POST">
  File "C:\Users\vincc\Documents\Archilog\.venv\lib\site-packages\flask\app.py", line 1121, in url_for
    return self.handle_url_build_error(error, endpoint, values)
  File "C:\Users\vincc\Documents\Archilog\.venv\lib\site-packages\flask\app.py", line 1110, in url_for
    rv = url_adapter.build(  # type: ignore[union-attr]
  File "C:\Users\vincc\Documents\Archilog\.venv\lib\site-packages\werkzeug\routing\map.py", line 924, in build
    raise BuildError(endpoint, values, method, self)
werkzeug.routing.exceptions.BuildError: Could not build url for endpoint 'web_ui.delete_user'. Did you mean 'web_ui.display_create_user' instead?
2025-03-22 19:08:23,310 [INFO] 127.0.0.1 - - [22/Mar/2025 19:08:23] "[35m[1mGET /display_delete_user_page HTTP/1.1[0m" 500 -
2025-03-22 19:08:23,338 [ERROR] Error on request:
Traceback (most recent call last):
  File "C:\Users\vincc\Documents\Archilog\.venv\lib\site-packages\flask\app.py", line 1511, in wsgi_app
    response = self.full_dispatch_request()
  File "C:\Users\vincc\Documents\Archilog\.venv\lib\site-packages\flask\app.py", line 919, in full_dispatch_request
    rv = self.handle_user_exception(e)
  File "C:\Users\vincc\Documents\Archilog\.venv\lib\site-packages\flask\app.py", line 917, in full_dispatch_request
    rv = self.dispatch_request()
  File "C:\Users\vincc\Documents\Archilog\.venv\lib\site-packages\flask\app.py", line 902, in dispatch_request
    return self.ensure_sync(self.view_functions[rule.endpoint])(**view_args)  # type: ignore[no-any-return]
  File "C:\Users\vincc\Documents\Archilog\src\archilog\views\web_ui.py", line 85, in display_delete_user_page
    return render_template('delete.html', form=form)
  File "C:\Users\vincc\Documents\Archilog\.venv\lib\site-packages\flask\templating.py", line 150, in render_template
    return _render(app, template, context)
  File "C:\Users\vincc\Documents\Archilog\.venv\lib\site-packages\flask\templating.py", line 131, in _render
    rv = template.render(context)
  File "C:\Users\vincc\Documents\Archilog\.venv\lib\site-packages\jinja2\environment.py", line 1295, in render
    self.environment.handle_exception()
  File "C:\Users\vincc\Documents\Archilog\.venv\lib\site-packages\jinja2\environment.py", line 942, in handle_exception
    raise rewrite_traceback_stack(source=source)
  File "C:\Users\vincc\Documents\Archilog\src\archilog\templates\delete.html", line 12, in top-level template code
    <form action="{{ url_for('web_ui.delete_user') }}" method="POST">
  File "C:\Users\vincc\Documents\Archilog\.venv\lib\site-packages\flask\app.py", line 1121, in url_for
    return self.handle_url_build_error(error, endpoint, values)
  File "C:\Users\vincc\Documents\Archilog\.venv\lib\site-packages\flask\app.py", line 1110, in url_for
    rv = url_adapter.build(  # type: ignore[union-attr]
  File "C:\Users\vincc\Documents\Archilog\.venv\lib\site-packages\werkzeug\routing\map.py", line 924, in build
    raise BuildError(endpoint, values, method, self)
werkzeug.routing.exceptions.BuildError: Could not build url for endpoint 'web_ui.delete_user'. Did you mean 'web_ui.display_create_user' instead?

During handling of the above exception, another exception occurred:

Traceback (most recent call last):
  File "C:\Users\vincc\Documents\Archilog\.venv\lib\site-packages\werkzeug\serving.py", line 370, in run_wsgi
    execute(self.server.app)
  File "C:\Users\vincc\Documents\Archilog\.venv\lib\site-packages\werkzeug\serving.py", line 331, in execute
    application_iter = app(environ, start_response)
  File "C:\Users\vincc\Documents\Archilog\.venv\lib\site-packages\flask\app.py", line 1536, in __call__
    return self.wsgi_app(environ, start_response)
  File "C:\Users\vincc\Documents\Archilog\.venv\lib\site-packages\flask\app.py", line 1514, in wsgi_app
    response = self.handle_exception(e)
  File "C:\Users\vincc\Documents\Archilog\.venv\lib\site-packages\flask\app.py", line 860, in handle_exception
    server_error = self.ensure_sync(handler)(server_error)
  File "C:\Users\vincc\Documents\Archilog\src\archilog\views\error_handler.py", line 21, in handle_internal_error
    return redirect(url_for("index.html"))  # Redirection vers la page d'accueil
  File "C:\Users\vincc\Documents\Archilog\.venv\lib\site-packages\flask\helpers.py", line 232, in url_for
    return current_app.url_for(
  File "C:\Users\vincc\Documents\Archilog\.venv\lib\site-packages\flask\app.py", line 1121, in url_for
    return self.handle_url_build_error(error, endpoint, values)
  File "C:\Users\vincc\Documents\Archilog\.venv\lib\site-packages\flask\app.py", line 1110, in url_for
    rv = url_adapter.build(  # type: ignore[union-attr]
  File "C:\Users\vincc\Documents\Archilog\.venv\lib\site-packages\werkzeug\routing\map.py", line 924, in build
    raise BuildError(endpoint, values, method, self)
werkzeug.routing.exceptions.BuildError: Could not build url for endpoint 'index.html'. Did you mean 'web_ui.index' instead?
2025-03-22 19:08:25,682 [INFO] 127.0.0.1 - - [22/Mar/2025 19:08:25] "GET /display_update_user_page HTTP/1.1" 200 -
2025-03-22 19:08:32,999 [INFO] 127.0.0.1 - - [22/Mar/2025 19:08:32] "GET /display_create_user HTTP/1.1" 200 -
2025-03-22 19:08:34,744 [ERROR] Exception on /display_delete_user_page [GET]
Traceback (most recent call last):
  File "C:\Users\vincc\Documents\Archilog\.venv\lib\site-packages\flask\app.py", line 1511, in wsgi_app
    response = self.full_dispatch_request()
  File "C:\Users\vincc\Documents\Archilog\.venv\lib\site-packages\flask\app.py", line 919, in full_dispatch_request
    rv = self.handle_user_exception(e)
  File "C:\Users\vincc\Documents\Archilog\.venv\lib\site-packages\flask\app.py", line 917, in full_dispatch_request
    rv = self.dispatch_request()
  File "C:\Users\vincc\Documents\Archilog\.venv\lib\site-packages\flask\app.py", line 902, in dispatch_request
    return self.ensure_sync(self.view_functions[rule.endpoint])(**view_args)  # type: ignore[no-any-return]
  File "C:\Users\vincc\Documents\Archilog\src\archilog\views\web_ui.py", line 85, in display_delete_user_page
    return render_template('delete.html', form=form)
  File "C:\Users\vincc\Documents\Archilog\.venv\lib\site-packages\flask\templating.py", line 150, in render_template
    return _render(app, template, context)
  File "C:\Users\vincc\Documents\Archilog\.venv\lib\site-packages\flask\templating.py", line 131, in _render
    rv = template.render(context)
  File "C:\Users\vincc\Documents\Archilog\.venv\lib\site-packages\jinja2\environment.py", line 1295, in render
    self.environment.handle_exception()
  File "C:\Users\vincc\Documents\Archilog\.venv\lib\site-packages\jinja2\environment.py", line 942, in handle_exception
    raise rewrite_traceback_stack(source=source)
  File "C:\Users\vincc\Documents\Archilog\src\archilog\templates\delete.html", line 12, in top-level template code
    <form action="{{ url_for('web_ui.delete_user') }}" method="POST">
  File "C:\Users\vincc\Documents\Archilog\.venv\lib\site-packages\flask\app.py", line 1121, in url_for
    return self.handle_url_build_error(error, endpoint, values)
  File "C:\Users\vincc\Documents\Archilog\.venv\lib\site-packages\flask\app.py", line 1110, in url_for
    rv = url_adapter.build(  # type: ignore[union-attr]
  File "C:\Users\vincc\Documents\Archilog\.venv\lib\site-packages\werkzeug\routing\map.py", line 924, in build
    raise BuildError(endpoint, values, method, self)
werkzeug.routing.exceptions.BuildError: Could not build url for endpoint 'web_ui.delete_user'. Did you mean 'web_ui.display_create_user' instead?
2025-03-22 19:08:34,746 [INFO] 127.0.0.1 - - [22/Mar/2025 19:08:34] "[35m[1mGET /display_delete_user_page HTTP/1.1[0m" 500 -
2025-03-22 19:08:34,748 [ERROR] Error on request:
Traceback (most recent call last):
  File "C:\Users\vincc\Documents\Archilog\.venv\lib\site-packages\flask\app.py", line 1511, in wsgi_app
    response = self.full_dispatch_request()
  File "C:\Users\vincc\Documents\Archilog\.venv\lib\site-packages\flask\app.py", line 919, in full_dispatch_request
    rv = self.handle_user_exception(e)
  File "C:\Users\vincc\Documents\Archilog\.venv\lib\site-packages\flask\app.py", line 917, in full_dispatch_request
    rv = self.dispatch_request()
  File "C:\Users\vincc\Documents\Archilog\.venv\lib\site-packages\flask\app.py", line 902, in dispatch_request
    return self.ensure_sync(self.view_functions[rule.endpoint])(**view_args)  # type: ignore[no-any-return]
  File "C:\Users\vincc\Documents\Archilog\src\archilog\views\web_ui.py", line 85, in display_delete_user_page
    return render_template('delete.html', form=form)
  File "C:\Users\vincc\Documents\Archilog\.venv\lib\site-packages\flask\templating.py", line 150, in render_template
    return _render(app, template, context)
  File "C:\Users\vincc\Documents\Archilog\.venv\lib\site-packages\flask\templating.py", line 131, in _render
    rv = template.render(context)
  File "C:\Users\vincc\Documents\Archilog\.venv\lib\site-packages\jinja2\environment.py", line 1295, in render
    self.environment.handle_exception()
  File "C:\Users\vincc\Documents\Archilog\.venv\lib\site-packages\jinja2\environment.py", line 942, in handle_exception
    raise rewrite_traceback_stack(source=source)
  File "C:\Users\vincc\Documents\Archilog\src\archilog\templates\delete.html", line 12, in top-level template code
    <form action="{{ url_for('web_ui.delete_user') }}" method="POST">
  File "C:\Users\vincc\Documents\Archilog\.venv\lib\site-packages\flask\app.py", line 1121, in url_for
    return self.handle_url_build_error(error, endpoint, values)
  File "C:\Users\vincc\Documents\Archilog\.venv\lib\site-packages\flask\app.py", line 1110, in url_for
    rv = url_adapter.build(  # type: ignore[union-attr]
  File "C:\Users\vincc\Documents\Archilog\.venv\lib\site-packages\werkzeug\routing\map.py", line 924, in build
    raise BuildError(endpoint, values, method, self)
werkzeug.routing.exceptions.BuildError: Could not build url for endpoint 'web_ui.delete_user'. Did you mean 'web_ui.display_create_user' instead?

During handling of the above exception, another exception occurred:

Traceback (most recent call last):
  File "C:\Users\vincc\Documents\Archilog\.venv\lib\site-packages\werkzeug\serving.py", line 370, in run_wsgi
    execute(self.server.app)
  File "C:\Users\vincc\Documents\Archilog\.venv\lib\site-packages\werkzeug\serving.py", line 331, in execute
    application_iter = app(environ, start_response)
  File "C:\Users\vincc\Documents\Archilog\.venv\lib\site-packages\flask\app.py", line 1536, in __call__
    return self.wsgi_app(environ, start_response)
  File "C:\Users\vincc\Documents\Archilog\.venv\lib\site-packages\flask\app.py", line 1514, in wsgi_app
    response = self.handle_exception(e)
  File "C:\Users\vincc\Documents\Archilog\.venv\lib\site-packages\flask\app.py", line 860, in handle_exception
    server_error = self.ensure_sync(handler)(server_error)
  File "C:\Users\vincc\Documents\Archilog\src\archilog\views\error_handler.py", line 21, in handle_internal_error
    return redirect(url_for("index.html"))  # Redirection vers la page d'accueil
  File "C:\Users\vincc\Documents\Archilog\.venv\lib\site-packages\flask\helpers.py", line 232, in url_for
    return current_app.url_for(
  File "C:\Users\vincc\Documents\Archilog\.venv\lib\site-packages\flask\app.py", line 1121, in url_for
    return self.handle_url_build_error(error, endpoint, values)
  File "C:\Users\vincc\Documents\Archilog\.venv\lib\site-packages\flask\app.py", line 1110, in url_for
    rv = url_adapter.build(  # type: ignore[union-attr]
  File "C:\Users\vincc\Documents\Archilog\.venv\lib\site-packages\werkzeug\routing\map.py", line 924, in build
    raise BuildError(endpoint, values, method, self)
werkzeug.routing.exceptions.BuildError: Could not build url for endpoint 'index.html'. Did you mean 'web_ui.index' instead?
2025-03-22 19:09:23,602 [INFO] 127.0.0.1 - - [22/Mar/2025 19:09:23] "GET /admin HTTP/1.1" 200 -
2025-03-22 19:09:46,514 [INFO] Configuration chargée : Config(DATABASE_URL='sqlite:///data.db', DEBUG=True, SECRET_KEY='ma_super_cle_secrete')
2025-03-22 19:09:46,808 [INFO] Configuration chargée : Config(DATABASE_URL='sqlite:///data.db', DEBUG=True, SECRET_KEY='ma_super_cle_secrete')
2025-03-22 19:09:46,811 [INFO] BEGIN (implicit)
2025-03-22 19:09:46,811 [INFO] PRAGMA main.table_info("profile")
2025-03-22 19:09:46,811 [INFO] [raw sql] ()
2025-03-22 19:09:46,812 [INFO] COMMIT
2025-03-22 19:09:46,818 [INFO] [31m[1mWARNING: This is a development server. Do not use it in a production deployment. Use a production WSGI server instead.[0m
 * Running on http://127.0.0.1:5000
2025-03-22 19:09:46,818 [INFO] [33mPress CTRL+C to quit[0m
2025-03-22 19:09:50,069 [INFO] 127.0.0.1 - - [22/Mar/2025 19:09:50] "GET /admin HTTP/1.1" 200 -
2025-03-22 19:09:51,562 [INFO] 127.0.0.1 - - [22/Mar/2025 19:09:51] "GET /admin HTTP/1.1" 200 -
2025-03-22 19:09:52,275 [INFO] 127.0.0.1 - - [22/Mar/2025 19:09:52] "GET /display_create_user HTTP/1.1" 200 -
2025-03-22 19:09:53,793 [ERROR] Exception on /display_delete_user_page [GET]
Traceback (most recent call last):
  File "C:\Users\vincc\Documents\Archilog\.venv\lib\site-packages\flask\app.py", line 1511, in wsgi_app
    response = self.full_dispatch_request()
  File "C:\Users\vincc\Documents\Archilog\.venv\lib\site-packages\flask\app.py", line 919, in full_dispatch_request
    rv = self.handle_user_exception(e)
  File "C:\Users\vincc\Documents\Archilog\.venv\lib\site-packages\flask\app.py", line 917, in full_dispatch_request
    rv = self.dispatch_request()
  File "C:\Users\vincc\Documents\Archilog\.venv\lib\site-packages\flask\app.py", line 902, in dispatch_request
    return self.ensure_sync(self.view_functions[rule.endpoint])(**view_args)  # type: ignore[no-any-return]
  File "C:\Users\vincc\Documents\Archilog\src\archilog\views\web_ui.py", line 85, in display_delete_user_page
    return render_template('delete.html', form=form)
  File "C:\Users\vincc\Documents\Archilog\.venv\lib\site-packages\flask\templating.py", line 150, in render_template
    return _render(app, template, context)
  File "C:\Users\vincc\Documents\Archilog\.venv\lib\site-packages\flask\templating.py", line 131, in _render
    rv = template.render(context)
  File "C:\Users\vincc\Documents\Archilog\.venv\lib\site-packages\jinja2\environment.py", line 1295, in render
    self.environment.handle_exception()
  File "C:\Users\vincc\Documents\Archilog\.venv\lib\site-packages\jinja2\environment.py", line 942, in handle_exception
    raise rewrite_traceback_stack(source=source)
  File "C:\Users\vincc\Documents\Archilog\src\archilog\templates\delete.html", line 12, in top-level template code
    <form action="{{ url_for('web_ui.delete_user') }}" method="POST">
  File "C:\Users\vincc\Documents\Archilog\.venv\lib\site-packages\flask\app.py", line 1121, in url_for
    return self.handle_url_build_error(error, endpoint, values)
  File "C:\Users\vincc\Documents\Archilog\.venv\lib\site-packages\flask\app.py", line 1110, in url_for
    rv = url_adapter.build(  # type: ignore[union-attr]
  File "C:\Users\vincc\Documents\Archilog\.venv\lib\site-packages\werkzeug\routing\map.py", line 924, in build
    raise BuildError(endpoint, values, method, self)
werkzeug.routing.exceptions.BuildError: Could not build url for endpoint 'web_ui.delete_user'. Did you mean 'web_ui.display_create_user' instead?
2025-03-22 19:09:53,798 [INFO] 127.0.0.1 - - [22/Mar/2025 19:09:53] "[35m[1mGET /display_delete_user_page HTTP/1.1[0m" 500 -
2025-03-22 19:09:53,812 [ERROR] Error on request:
Traceback (most recent call last):
  File "C:\Users\vincc\Documents\Archilog\.venv\lib\site-packages\flask\app.py", line 1511, in wsgi_app
    response = self.full_dispatch_request()
  File "C:\Users\vincc\Documents\Archilog\.venv\lib\site-packages\flask\app.py", line 919, in full_dispatch_request
    rv = self.handle_user_exception(e)
  File "C:\Users\vincc\Documents\Archilog\.venv\lib\site-packages\flask\app.py", line 917, in full_dispatch_request
    rv = self.dispatch_request()
  File "C:\Users\vincc\Documents\Archilog\.venv\lib\site-packages\flask\app.py", line 902, in dispatch_request
    return self.ensure_sync(self.view_functions[rule.endpoint])(**view_args)  # type: ignore[no-any-return]
  File "C:\Users\vincc\Documents\Archilog\src\archilog\views\web_ui.py", line 85, in display_delete_user_page
    return render_template('delete.html', form=form)
  File "C:\Users\vincc\Documents\Archilog\.venv\lib\site-packages\flask\templating.py", line 150, in render_template
    return _render(app, template, context)
  File "C:\Users\vincc\Documents\Archilog\.venv\lib\site-packages\flask\templating.py", line 131, in _render
    rv = template.render(context)
  File "C:\Users\vincc\Documents\Archilog\.venv\lib\site-packages\jinja2\environment.py", line 1295, in render
    self.environment.handle_exception()
  File "C:\Users\vincc\Documents\Archilog\.venv\lib\site-packages\jinja2\environment.py", line 942, in handle_exception
    raise rewrite_traceback_stack(source=source)
  File "C:\Users\vincc\Documents\Archilog\src\archilog\templates\delete.html", line 12, in top-level template code
    <form action="{{ url_for('web_ui.delete_user') }}" method="POST">
  File "C:\Users\vincc\Documents\Archilog\.venv\lib\site-packages\flask\app.py", line 1121, in url_for
    return self.handle_url_build_error(error, endpoint, values)
  File "C:\Users\vincc\Documents\Archilog\.venv\lib\site-packages\flask\app.py", line 1110, in url_for
    rv = url_adapter.build(  # type: ignore[union-attr]
  File "C:\Users\vincc\Documents\Archilog\.venv\lib\site-packages\werkzeug\routing\map.py", line 924, in build
    raise BuildError(endpoint, values, method, self)
werkzeug.routing.exceptions.BuildError: Could not build url for endpoint 'web_ui.delete_user'. Did you mean 'web_ui.display_create_user' instead?

During handling of the above exception, another exception occurred:

Traceback (most recent call last):
  File "C:\Users\vincc\Documents\Archilog\.venv\lib\site-packages\werkzeug\serving.py", line 370, in run_wsgi
    execute(self.server.app)
  File "C:\Users\vincc\Documents\Archilog\.venv\lib\site-packages\werkzeug\serving.py", line 331, in execute
    application_iter = app(environ, start_response)
  File "C:\Users\vincc\Documents\Archilog\.venv\lib\site-packages\flask\app.py", line 1536, in __call__
    return self.wsgi_app(environ, start_response)
  File "C:\Users\vincc\Documents\Archilog\.venv\lib\site-packages\flask\app.py", line 1514, in wsgi_app
    response = self.handle_exception(e)
  File "C:\Users\vincc\Documents\Archilog\.venv\lib\site-packages\flask\app.py", line 860, in handle_exception
    server_error = self.ensure_sync(handler)(server_error)
  File "C:\Users\vincc\Documents\Archilog\src\archilog\views\error_handler.py", line 21, in handle_internal_error
    return redirect(url_for("index.html"))  # Redirection vers la page d'accueil
  File "C:\Users\vincc\Documents\Archilog\.venv\lib\site-packages\flask\helpers.py", line 232, in url_for
    return current_app.url_for(
  File "C:\Users\vincc\Documents\Archilog\.venv\lib\site-packages\flask\app.py", line 1121, in url_for
    return self.handle_url_build_error(error, endpoint, values)
  File "C:\Users\vincc\Documents\Archilog\.venv\lib\site-packages\flask\app.py", line 1110, in url_for
    rv = url_adapter.build(  # type: ignore[union-attr]
  File "C:\Users\vincc\Documents\Archilog\.venv\lib\site-packages\werkzeug\routing\map.py", line 924, in build
    raise BuildError(endpoint, values, method, self)
werkzeug.routing.exceptions.BuildError: Could not build url for endpoint 'index.html'. Did you mean 'web_ui.index' instead?
2025-03-22 19:10:05,193 [ERROR] Exception on /display_delete_user_page [GET]
Traceback (most recent call last):
  File "C:\Users\vincc\Documents\Archilog\.venv\lib\site-packages\flask\app.py", line 1511, in wsgi_app
    response = self.full_dispatch_request()
  File "C:\Users\vincc\Documents\Archilog\.venv\lib\site-packages\flask\app.py", line 919, in full_dispatch_request
    rv = self.handle_user_exception(e)
  File "C:\Users\vincc\Documents\Archilog\.venv\lib\site-packages\flask\app.py", line 917, in full_dispatch_request
    rv = self.dispatch_request()
  File "C:\Users\vincc\Documents\Archilog\.venv\lib\site-packages\flask\app.py", line 902, in dispatch_request
    return self.ensure_sync(self.view_functions[rule.endpoint])(**view_args)  # type: ignore[no-any-return]
  File "C:\Users\vincc\Documents\Archilog\src\archilog\views\web_ui.py", line 85, in display_delete_user_page
    return render_template('delete.html', form=form)
  File "C:\Users\vincc\Documents\Archilog\.venv\lib\site-packages\flask\templating.py", line 150, in render_template
    return _render(app, template, context)
  File "C:\Users\vincc\Documents\Archilog\.venv\lib\site-packages\flask\templating.py", line 131, in _render
    rv = template.render(context)
  File "C:\Users\vincc\Documents\Archilog\.venv\lib\site-packages\jinja2\environment.py", line 1295, in render
    self.environment.handle_exception()
  File "C:\Users\vincc\Documents\Archilog\.venv\lib\site-packages\jinja2\environment.py", line 942, in handle_exception
    raise rewrite_traceback_stack(source=source)
  File "C:\Users\vincc\Documents\Archilog\src\archilog\templates\delete.html", line 12, in top-level template code
    <form action="{{ url_for('web_ui.delete_user') }}" method="POST">
  File "C:\Users\vincc\Documents\Archilog\.venv\lib\site-packages\flask\app.py", line 1121, in url_for
    return self.handle_url_build_error(error, endpoint, values)
  File "C:\Users\vincc\Documents\Archilog\.venv\lib\site-packages\flask\app.py", line 1110, in url_for
    rv = url_adapter.build(  # type: ignore[union-attr]
  File "C:\Users\vincc\Documents\Archilog\.venv\lib\site-packages\werkzeug\routing\map.py", line 924, in build
    raise BuildError(endpoint, values, method, self)
werkzeug.routing.exceptions.BuildError: Could not build url for endpoint 'web_ui.delete_user'. Did you mean 'web_ui.display_create_user' instead?
2025-03-22 19:10:05,196 [INFO] 127.0.0.1 - - [22/Mar/2025 19:10:05] "[35m[1mGET /display_delete_user_page HTTP/1.1[0m" 500 -
2025-03-22 19:10:05,198 [ERROR] Error on request:
Traceback (most recent call last):
  File "C:\Users\vincc\Documents\Archilog\.venv\lib\site-packages\flask\app.py", line 1511, in wsgi_app
    response = self.full_dispatch_request()
  File "C:\Users\vincc\Documents\Archilog\.venv\lib\site-packages\flask\app.py", line 919, in full_dispatch_request
    rv = self.handle_user_exception(e)
  File "C:\Users\vincc\Documents\Archilog\.venv\lib\site-packages\flask\app.py", line 917, in full_dispatch_request
    rv = self.dispatch_request()
  File "C:\Users\vincc\Documents\Archilog\.venv\lib\site-packages\flask\app.py", line 902, in dispatch_request
    return self.ensure_sync(self.view_functions[rule.endpoint])(**view_args)  # type: ignore[no-any-return]
  File "C:\Users\vincc\Documents\Archilog\src\archilog\views\web_ui.py", line 85, in display_delete_user_page
    return render_template('delete.html', form=form)
  File "C:\Users\vincc\Documents\Archilog\.venv\lib\site-packages\flask\templating.py", line 150, in render_template
    return _render(app, template, context)
  File "C:\Users\vincc\Documents\Archilog\.venv\lib\site-packages\flask\templating.py", line 131, in _render
    rv = template.render(context)
  File "C:\Users\vincc\Documents\Archilog\.venv\lib\site-packages\jinja2\environment.py", line 1295, in render
    self.environment.handle_exception()
  File "C:\Users\vincc\Documents\Archilog\.venv\lib\site-packages\jinja2\environment.py", line 942, in handle_exception
    raise rewrite_traceback_stack(source=source)
  File "C:\Users\vincc\Documents\Archilog\src\archilog\templates\delete.html", line 12, in top-level template code
    <form action="{{ url_for('web_ui.delete_user') }}" method="POST">
  File "C:\Users\vincc\Documents\Archilog\.venv\lib\site-packages\flask\app.py", line 1121, in url_for
    return self.handle_url_build_error(error, endpoint, values)
  File "C:\Users\vincc\Documents\Archilog\.venv\lib\site-packages\flask\app.py", line 1110, in url_for
    rv = url_adapter.build(  # type: ignore[union-attr]
  File "C:\Users\vincc\Documents\Archilog\.venv\lib\site-packages\werkzeug\routing\map.py", line 924, in build
    raise BuildError(endpoint, values, method, self)
werkzeug.routing.exceptions.BuildError: Could not build url for endpoint 'web_ui.delete_user'. Did you mean 'web_ui.display_create_user' instead?

During handling of the above exception, another exception occurred:

Traceback (most recent call last):
  File "C:\Users\vincc\Documents\Archilog\.venv\lib\site-packages\werkzeug\serving.py", line 370, in run_wsgi
    execute(self.server.app)
  File "C:\Users\vincc\Documents\Archilog\.venv\lib\site-packages\werkzeug\serving.py", line 331, in execute
    application_iter = app(environ, start_response)
  File "C:\Users\vincc\Documents\Archilog\.venv\lib\site-packages\flask\app.py", line 1536, in __call__
    return self.wsgi_app(environ, start_response)
  File "C:\Users\vincc\Documents\Archilog\.venv\lib\site-packages\flask\app.py", line 1514, in wsgi_app
    response = self.handle_exception(e)
  File "C:\Users\vincc\Documents\Archilog\.venv\lib\site-packages\flask\app.py", line 860, in handle_exception
    server_error = self.ensure_sync(handler)(server_error)
  File "C:\Users\vincc\Documents\Archilog\src\archilog\views\error_handler.py", line 21, in handle_internal_error
    return redirect(url_for("index.html"))  # Redirection vers la page d'accueil
  File "C:\Users\vincc\Documents\Archilog\.venv\lib\site-packages\flask\helpers.py", line 232, in url_for
    return current_app.url_for(
  File "C:\Users\vincc\Documents\Archilog\.venv\lib\site-packages\flask\app.py", line 1121, in url_for
    return self.handle_url_build_error(error, endpoint, values)
  File "C:\Users\vincc\Documents\Archilog\.venv\lib\site-packages\flask\app.py", line 1110, in url_for
    rv = url_adapter.build(  # type: ignore[union-attr]
  File "C:\Users\vincc\Documents\Archilog\.venv\lib\site-packages\werkzeug\routing\map.py", line 924, in build
    raise BuildError(endpoint, values, method, self)
werkzeug.routing.exceptions.BuildError: Could not build url for endpoint 'index.html'. Did you mean 'web_ui.index' instead?
2025-03-22 19:12:16,394 [INFO] Configuration chargée : Config(DATABASE_URL='sqlite:///data.db', DEBUG=True, SECRET_KEY='ma_super_cle_secrete')
2025-03-22 19:12:16,697 [INFO] Configuration chargée : Config(DATABASE_URL='sqlite:///data.db', DEBUG=True, SECRET_KEY='ma_super_cle_secrete')
2025-03-22 19:12:16,699 [INFO] BEGIN (implicit)
2025-03-22 19:12:16,699 [INFO] PRAGMA main.table_info("profile")
2025-03-22 19:12:16,699 [INFO] [raw sql] ()
2025-03-22 19:12:16,699 [INFO] COMMIT
2025-03-22 19:12:16,707 [INFO] [31m[1mWARNING: This is a development server. Do not use it in a production deployment. Use a production WSGI server instead.[0m
 * Running on http://127.0.0.1:5000
2025-03-22 19:12:16,707 [INFO] [33mPress CTRL+C to quit[0m
2025-03-22 19:12:17,735 [ERROR] Exception on /display_delete_user_page [GET]
Traceback (most recent call last):
  File "C:\Users\vincc\Documents\Archilog\.venv\lib\site-packages\flask\app.py", line 1511, in wsgi_app
    response = self.full_dispatch_request()
  File "C:\Users\vincc\Documents\Archilog\.venv\lib\site-packages\flask\app.py", line 919, in full_dispatch_request
    rv = self.handle_user_exception(e)
  File "C:\Users\vincc\Documents\Archilog\.venv\lib\site-packages\flask\app.py", line 917, in full_dispatch_request
    rv = self.dispatch_request()
  File "C:\Users\vincc\Documents\Archilog\.venv\lib\site-packages\flask\app.py", line 902, in dispatch_request
    return self.ensure_sync(self.view_functions[rule.endpoint])(**view_args)  # type: ignore[no-any-return]
  File "C:\Users\vincc\Documents\Archilog\src\archilog\views\web_ui.py", line 85, in display_delete_user_page
    return render_template('delete.html', form=form)
  File "C:\Users\vincc\Documents\Archilog\.venv\lib\site-packages\flask\templating.py", line 150, in render_template
    return _render(app, template, context)
  File "C:\Users\vincc\Documents\Archilog\.venv\lib\site-packages\flask\templating.py", line 131, in _render
    rv = template.render(context)
  File "C:\Users\vincc\Documents\Archilog\.venv\lib\site-packages\jinja2\environment.py", line 1295, in render
    self.environment.handle_exception()
  File "C:\Users\vincc\Documents\Archilog\.venv\lib\site-packages\jinja2\environment.py", line 942, in handle_exception
    raise rewrite_traceback_stack(source=source)
  File "C:\Users\vincc\Documents\Archilog\src\archilog\templates\delete.html", line 12, in top-level template code
    <form action="{{ url_for('web_ui.delete_user') }}" method="POST">
  File "C:\Users\vincc\Documents\Archilog\.venv\lib\site-packages\flask\app.py", line 1121, in url_for
    return self.handle_url_build_error(error, endpoint, values)
  File "C:\Users\vincc\Documents\Archilog\.venv\lib\site-packages\flask\app.py", line 1110, in url_for
    rv = url_adapter.build(  # type: ignore[union-attr]
  File "C:\Users\vincc\Documents\Archilog\.venv\lib\site-packages\werkzeug\routing\map.py", line 924, in build
    raise BuildError(endpoint, values, method, self)
werkzeug.routing.exceptions.BuildError: Could not build url for endpoint 'web_ui.delete_user'. Did you mean 'web_ui.display_create_user' instead?
2025-03-22 19:12:17,740 [INFO] 127.0.0.1 - - [22/Mar/2025 19:12:17] "[35m[1mGET /display_delete_user_page HTTP/1.1[0m" 500 -
2025-03-22 19:12:17,753 [ERROR] Error on request:
Traceback (most recent call last):
  File "C:\Users\vincc\Documents\Archilog\.venv\lib\site-packages\flask\app.py", line 1511, in wsgi_app
    response = self.full_dispatch_request()
  File "C:\Users\vincc\Documents\Archilog\.venv\lib\site-packages\flask\app.py", line 919, in full_dispatch_request
    rv = self.handle_user_exception(e)
  File "C:\Users\vincc\Documents\Archilog\.venv\lib\site-packages\flask\app.py", line 917, in full_dispatch_request
    rv = self.dispatch_request()
  File "C:\Users\vincc\Documents\Archilog\.venv\lib\site-packages\flask\app.py", line 902, in dispatch_request
    return self.ensure_sync(self.view_functions[rule.endpoint])(**view_args)  # type: ignore[no-any-return]
  File "C:\Users\vincc\Documents\Archilog\src\archilog\views\web_ui.py", line 85, in display_delete_user_page
    return render_template('delete.html', form=form)
  File "C:\Users\vincc\Documents\Archilog\.venv\lib\site-packages\flask\templating.py", line 150, in render_template
    return _render(app, template, context)
  File "C:\Users\vincc\Documents\Archilog\.venv\lib\site-packages\flask\templating.py", line 131, in _render
    rv = template.render(context)
  File "C:\Users\vincc\Documents\Archilog\.venv\lib\site-packages\jinja2\environment.py", line 1295, in render
    self.environment.handle_exception()
  File "C:\Users\vincc\Documents\Archilog\.venv\lib\site-packages\jinja2\environment.py", line 942, in handle_exception
    raise rewrite_traceback_stack(source=source)
  File "C:\Users\vincc\Documents\Archilog\src\archilog\templates\delete.html", line 12, in top-level template code
    <form action="{{ url_for('web_ui.delete_user') }}" method="POST">
  File "C:\Users\vincc\Documents\Archilog\.venv\lib\site-packages\flask\app.py", line 1121, in url_for
    return self.handle_url_build_error(error, endpoint, values)
  File "C:\Users\vincc\Documents\Archilog\.venv\lib\site-packages\flask\app.py", line 1110, in url_for
    rv = url_adapter.build(  # type: ignore[union-attr]
  File "C:\Users\vincc\Documents\Archilog\.venv\lib\site-packages\werkzeug\routing\map.py", line 924, in build
    raise BuildError(endpoint, values, method, self)
werkzeug.routing.exceptions.BuildError: Could not build url for endpoint 'web_ui.delete_user'. Did you mean 'web_ui.display_create_user' instead?

During handling of the above exception, another exception occurred:

Traceback (most recent call last):
  File "C:\Users\vincc\Documents\Archilog\.venv\lib\site-packages\werkzeug\serving.py", line 370, in run_wsgi
    execute(self.server.app)
  File "C:\Users\vincc\Documents\Archilog\.venv\lib\site-packages\werkzeug\serving.py", line 331, in execute
    application_iter = app(environ, start_response)
  File "C:\Users\vincc\Documents\Archilog\.venv\lib\site-packages\flask\app.py", line 1536, in __call__
    return self.wsgi_app(environ, start_response)
  File "C:\Users\vincc\Documents\Archilog\.venv\lib\site-packages\flask\app.py", line 1514, in wsgi_app
    response = self.handle_exception(e)
  File "C:\Users\vincc\Documents\Archilog\.venv\lib\site-packages\flask\app.py", line 860, in handle_exception
    server_error = self.ensure_sync(handler)(server_error)
  File "C:\Users\vincc\Documents\Archilog\src\archilog\views\error_handler.py", line 21, in handle_internal_error
    return redirect(url_for("index.html"))  # Redirection vers la page d'accueil
  File "C:\Users\vincc\Documents\Archilog\.venv\lib\site-packages\flask\helpers.py", line 232, in url_for
    return current_app.url_for(
  File "C:\Users\vincc\Documents\Archilog\.venv\lib\site-packages\flask\app.py", line 1121, in url_for
    return self.handle_url_build_error(error, endpoint, values)
  File "C:\Users\vincc\Documents\Archilog\.venv\lib\site-packages\flask\app.py", line 1110, in url_for
    rv = url_adapter.build(  # type: ignore[union-attr]
  File "C:\Users\vincc\Documents\Archilog\.venv\lib\site-packages\werkzeug\routing\map.py", line 924, in build
    raise BuildError(endpoint, values, method, self)
werkzeug.routing.exceptions.BuildError: Could not build url for endpoint 'index.html'. Did you mean 'web_ui.index' instead?
2025-03-22 19:16:00,457 [INFO] Configuration chargée : Config(DATABASE_URL='sqlite:///data.db', DEBUG=True, SECRET_KEY='ma_super_cle_secrete')
2025-03-22 19:16:00,744 [INFO] Configuration chargée : Config(DATABASE_URL='sqlite:///data.db', DEBUG=True, SECRET_KEY='ma_super_cle_secrete')
2025-03-22 19:16:00,746 [INFO] BEGIN (implicit)
2025-03-22 19:16:00,746 [INFO] PRAGMA main.table_info("profile")
2025-03-22 19:16:00,747 [INFO] [raw sql] ()
2025-03-22 19:16:00,747 [INFO] COMMIT
2025-03-22 19:16:00,755 [INFO] [31m[1mWARNING: This is a development server. Do not use it in a production deployment. Use a production WSGI server instead.[0m
 * Running on http://127.0.0.1:5000
2025-03-22 19:16:00,755 [INFO] [33mPress CTRL+C to quit[0m
2025-03-22 19:16:04,908 [INFO] 127.0.0.1 - - [22/Mar/2025 19:16:04] "GET /display_delete_user_page HTTP/1.1" 200 -
2025-03-22 19:16:07,044 [INFO] 127.0.0.1 - - [22/Mar/2025 19:16:07] "GET /display_create_user HTTP/1.1" 200 -
2025-03-22 19:16:08,826 [INFO] 127.0.0.1 - - [22/Mar/2025 19:16:08] "GET /display_update_user_page HTTP/1.1" 200 -
2025-03-22 19:16:11,421 [INFO] BEGIN (implicit)
2025-03-22 19:16:11,421 [INFO] SELECT profile.id, profile.name, profile.amount, profile.category 
FROM profile
2025-03-22 19:16:11,421 [INFO] [generated in 0.00026s] ()
2025-03-22 19:16:11,422 [INFO] ROLLBACK
2025-03-22 19:16:11,422 [INFO] 127.0.0.1 - - [22/Mar/2025 19:16:11] "GET /export_csv HTTP/1.1" 200 -
2025-03-22 19:16:12,923 [INFO] 127.0.0.1 - - [22/Mar/2025 19:16:12] "GET /display_create_user HTTP/1.1" 200 -
2025-03-22 19:16:29,905 [INFO] 127.0.0.1 - - [22/Mar/2025 19:16:29] "GET /display_create_user HTTP/1.1" 200 -
2025-03-22 19:16:40,843 [INFO] 127.0.0.1 - - [22/Mar/2025 19:16:40] "POST /display_create_user HTTP/1.1" 200 -
2025-03-22 19:16:42,169 [INFO] 127.0.0.1 - - [22/Mar/2025 19:16:42] "POST /display_create_user HTTP/1.1" 200 -
2025-03-22 19:16:43,073 [INFO] 127.0.0.1 - - [22/Mar/2025 19:16:43] "POST /display_create_user HTTP/1.1" 200 -
2025-03-22 19:18:07,747 [INFO] 127.0.0.1 - - [22/Mar/2025 19:18:07] "POST /display_create_user HTTP/1.1" 200 -
2025-03-22 19:18:08,213 [INFO] 127.0.0.1 - - [22/Mar/2025 19:18:08] "POST /display_create_user HTTP/1.1" 200 -
2025-03-22 19:18:08,375 [INFO] 127.0.0.1 - - [22/Mar/2025 19:18:08] "POST /display_create_user HTTP/1.1" 200 -
2025-03-22 19:18:08,533 [INFO] 127.0.0.1 - - [22/Mar/2025 19:18:08] "POST /display_create_user HTTP/1.1" 200 -
2025-03-22 19:18:16,584 [INFO] 127.0.0.1 - - [22/Mar/2025 19:18:16] "POST /display_create_user HTTP/1.1" 200 -
2025-03-22 19:20:06,347 [INFO] Configuration chargée : Config(DATABASE_URL='sqlite:///data.db', DEBUG=True, SECRET_KEY='ma_super_cle_secrete')
2025-03-22 19:20:06,636 [INFO] Configuration chargée : Config(DATABASE_URL='sqlite:///data.db', DEBUG=True, SECRET_KEY='ma_super_cle_secrete')
2025-03-22 19:20:06,638 [INFO] BEGIN (implicit)
2025-03-22 19:20:06,638 [INFO] PRAGMA main.table_info("profile")
2025-03-22 19:20:06,638 [INFO] [raw sql] ()
2025-03-22 19:20:06,639 [INFO] COMMIT
2025-03-22 19:20:06,646 [INFO] [31m[1mWARNING: This is a development server. Do not use it in a production deployment. Use a production WSGI server instead.[0m
 * Running on http://127.0.0.1:5000
2025-03-22 19:20:06,646 [INFO] [33mPress CTRL+C to quit[0m
2025-03-22 19:20:08,142 [INFO] 127.0.0.1 - - [22/Mar/2025 19:20:08] "[32mGET / HTTP/1.1[0m" 302 -
2025-03-22 19:20:08,220 [INFO] 127.0.0.1 - - [22/Mar/2025 19:20:08] "GET /admin HTTP/1.1" 200 -
2025-03-22 19:20:10,649 [INFO] 127.0.0.1 - - [22/Mar/2025 19:20:10] "GET /admin HTTP/1.1" 200 -
2025-03-22 19:20:31,306 [INFO] 127.0.0.1 - - [22/Mar/2025 19:20:31] "[31m[1mGET / HTTP/1.1[0m" 401 -
2025-03-22 19:20:49,636 [INFO] 127.0.0.1 - - [22/Mar/2025 19:20:49] "[31m[1mGET / HTTP/1.1[0m" 401 -
2025-03-22 19:20:53,197 [INFO] 127.0.0.1 - - [22/Mar/2025 19:20:53] "[31m[1mGET / HTTP/1.1[0m" 401 -
2025-03-22 19:20:56,467 [INFO] 127.0.0.1 - - [22/Mar/2025 19:20:56] "[31m[1mGET / HTTP/1.1[0m" 401 -
2025-03-22 19:21:02,540 [INFO] 127.0.0.1 - - [22/Mar/2025 19:21:02] "[31m[1mGET / HTTP/1.1[0m" 401 -
2025-03-22 19:21:18,005 [INFO] Configuration chargée : Config(DATABASE_URL='sqlite:///data.db', DEBUG=True, SECRET_KEY='ma_super_cle_secrete')
2025-03-22 19:21:18,305 [INFO] Configuration chargée : Config(DATABASE_URL='sqlite:///data.db', DEBUG=True, SECRET_KEY='ma_super_cle_secrete')
2025-03-22 19:21:18,307 [INFO] BEGIN (implicit)
2025-03-22 19:21:18,307 [INFO] PRAGMA main.table_info("profile")
2025-03-22 19:21:18,307 [INFO] [raw sql] ()
2025-03-22 19:21:18,308 [INFO] COMMIT
2025-03-22 19:21:18,315 [INFO] [31m[1mWARNING: This is a development server. Do not use it in a production deployment. Use a production WSGI server instead.[0m
 * Running on http://127.0.0.1:5000
2025-03-22 19:21:18,315 [INFO] [33mPress CTRL+C to quit[0m
2025-03-22 19:21:19,664 [INFO] 127.0.0.1 - - [22/Mar/2025 19:21:19] "[31m[1mGET / HTTP/1.1[0m" 401 -
2025-03-22 19:21:22,078 [INFO] 127.0.0.1 - - [22/Mar/2025 19:21:22] "[31m[1mGET / HTTP/1.1[0m" 401 -
2025-03-22 19:21:25,944 [INFO] 127.0.0.1 - - [22/Mar/2025 19:21:25] "[32mGET / HTTP/1.1[0m" 302 -
2025-03-22 19:21:26,019 [INFO] 127.0.0.1 - - [22/Mar/2025 19:21:26] "GET /admin HTTP/1.1" 200 -
2025-03-22 19:21:26,072 [INFO] 127.0.0.1 - - [22/Mar/2025 19:21:26] "[33mGET /favicon.ico HTTP/1.1[0m" 404 -
2025-03-22 19:21:31,521 [INFO] 127.0.0.1 - - [22/Mar/2025 19:21:31] "[32mGET / HTTP/1.1[0m" 302 -
2025-03-22 19:21:31,592 [INFO] 127.0.0.1 - - [22/Mar/2025 19:21:31] "GET /admin HTTP/1.1" 200 -
2025-03-22 19:21:33,762 [INFO] 127.0.0.1 - - [22/Mar/2025 19:21:33] "[32mGET / HTTP/1.1[0m" 302 -
2025-03-22 19:21:33,834 [INFO] 127.0.0.1 - - [22/Mar/2025 19:21:33] "GET /admin HTTP/1.1" 200 -
2025-03-22 19:21:36,139 [INFO] 127.0.0.1 - - [22/Mar/2025 19:21:36] "GET /display_create_user HTTP/1.1" 200 -
2025-03-22 19:21:40,105 [INFO] 127.0.0.1 - - [22/Mar/2025 19:21:40] "POST /display_create_user HTTP/1.1" 200 -
2025-03-22 19:21:42,660 [INFO] 127.0.0.1 - - [22/Mar/2025 19:21:42] "GET /display_create_user HTTP/1.1" 200 -
2025-03-22 19:22:18,010 [INFO] 127.0.0.1 - - [22/Mar/2025 19:22:18] "[31m[1mGET / HTTP/1.1[0m" 401 -
2025-03-22 19:22:18,011 [INFO] 127.0.0.1 - - [22/Mar/2025 19:22:18] "[31m[1mGET / HTTP/1.1[0m" 401 -
2025-03-22 19:22:21,910 [INFO] 127.0.0.1 - - [22/Mar/2025 19:22:21] "[31m[1mGET / HTTP/1.1[0m" 401 -
2025-03-22 19:22:22,211 [INFO] 127.0.0.1 - - [22/Mar/2025 19:22:22] "[31m[1mGET / HTTP/1.1[0m" 401 -
2025-03-22 19:22:39,222 [INFO] 127.0.0.1 - - [22/Mar/2025 19:22:39] "[31m[1mGET / HTTP/1.1[0m" 401 -
2025-03-22 19:22:39,223 [INFO] 127.0.0.1 - - [22/Mar/2025 19:22:39] "[31m[1mGET / HTTP/1.1[0m" 401 -
2025-03-22 19:22:50,013 [INFO] Configuration chargée : Config(DATABASE_URL='sqlite:///data.db', DEBUG=True, SECRET_KEY='ma_super_cle_secrete')
2025-03-22 19:22:50,306 [INFO] Configuration chargée : Config(DATABASE_URL='sqlite:///data.db', DEBUG=True, SECRET_KEY='ma_super_cle_secrete')
2025-03-22 19:22:50,308 [INFO] BEGIN (implicit)
2025-03-22 19:22:50,309 [INFO] PRAGMA main.table_info("profile")
2025-03-22 19:22:50,309 [INFO] [raw sql] ()
2025-03-22 19:22:50,309 [INFO] COMMIT
2025-03-22 19:22:50,317 [INFO] [31m[1mWARNING: This is a development server. Do not use it in a production deployment. Use a production WSGI server instead.[0m
 * Running on http://127.0.0.1:5000
2025-03-22 19:22:50,317 [INFO] [33mPress CTRL+C to quit[0m
2025-03-22 19:22:53,973 [INFO] 127.0.0.1 - - [22/Mar/2025 19:22:53] "[31m[1mGET / HTTP/1.1[0m" 401 -
2025-03-22 19:22:53,974 [INFO] 127.0.0.1 - - [22/Mar/2025 19:22:53] "[31m[1mGET / HTTP/1.1[0m" 401 -
2025-03-22 19:22:56,428 [INFO] 127.0.0.1 - - [22/Mar/2025 19:22:56] "[31m[1mGET / HTTP/1.1[0m" 401 -
2025-03-22 19:22:56,729 [INFO] 127.0.0.1 - - [22/Mar/2025 19:22:56] "[31m[1mGET / HTTP/1.1[0m" 401 -
2025-03-22 19:24:52,818 [INFO] Configuration chargée : Config(DATABASE_URL='sqlite:///data.db', DEBUG=True, SECRET_KEY='ma_super_cle_secrete')
2025-03-22 19:24:53,106 [INFO] Configuration chargée : Config(DATABASE_URL='sqlite:///data.db', DEBUG=True, SECRET_KEY='ma_super_cle_secrete')
2025-03-22 19:24:53,108 [INFO] BEGIN (implicit)
2025-03-22 19:24:53,108 [INFO] PRAGMA main.table_info("profile")
2025-03-22 19:24:53,108 [INFO] [raw sql] ()
2025-03-22 19:24:53,108 [INFO] COMMIT
2025-03-22 19:24:53,116 [INFO] [31m[1mWARNING: This is a development server. Do not use it in a production deployment. Use a production WSGI server instead.[0m
 * Running on http://127.0.0.1:5000
2025-03-22 19:24:53,116 [INFO] [33mPress CTRL+C to quit[0m
2025-03-22 19:24:56,105 [INFO] 127.0.0.1 - - [22/Mar/2025 19:24:56] "[31m[1mGET / HTTP/1.1[0m" 401 -
2025-03-22 19:25:01,990 [INFO] 127.0.0.1 - - [22/Mar/2025 19:25:01] "[32mGET / HTTP/1.1[0m" 302 -
2025-03-22 19:25:02,064 [INFO] 127.0.0.1 - - [22/Mar/2025 19:25:02] "GET /visitor HTTP/1.1" 200 -
2025-03-22 19:25:05,075 [INFO] 127.0.0.1 - - [22/Mar/2025 19:25:05] "GET /display_create_user HTTP/1.1" 200 -
2025-03-22 19:25:09,078 [INFO] 127.0.0.1 - - [22/Mar/2025 19:25:09] "POST /display_create_user HTTP/1.1" 200 -
2025-03-22 19:25:09,573 [INFO] 127.0.0.1 - - [22/Mar/2025 19:25:09] "POST /display_create_user HTTP/1.1" 200 -
2025-03-22 19:27:14,017 [INFO] Configuration chargée : Config(DATABASE_URL='sqlite:///data.db', DEBUG=True, SECRET_KEY='ma_super_cle_secrete')
2025-03-22 19:27:14,307 [INFO] Configuration chargée : Config(DATABASE_URL='sqlite:///data.db', DEBUG=True, SECRET_KEY='ma_super_cle_secrete')
2025-03-22 19:27:14,309 [INFO] BEGIN (implicit)
2025-03-22 19:27:14,309 [INFO] PRAGMA main.table_info("profile")
2025-03-22 19:27:14,309 [INFO] [raw sql] ()
2025-03-22 19:27:14,309 [INFO] COMMIT
2025-03-22 19:27:14,316 [INFO] [31m[1mWARNING: This is a development server. Do not use it in a production deployment. Use a production WSGI server instead.[0m
 * Running on http://127.0.0.1:5000
2025-03-22 19:27:14,317 [INFO] [33mPress CTRL+C to quit[0m
2025-03-22 19:27:18,150 [INFO] 127.0.0.1 - - [22/Mar/2025 19:27:18] "[32mGET /admin HTTP/1.1[0m" 302 -
2025-03-22 19:27:18,222 [ERROR] Exception on / [GET]
Traceback (most recent call last):
  File "C:\Users\vincc\Documents\Archilog\.venv\lib\site-packages\flask\app.py", line 1511, in wsgi_app
    response = self.full_dispatch_request()
  File "C:\Users\vincc\Documents\Archilog\.venv\lib\site-packages\flask\app.py", line 919, in full_dispatch_request
    rv = self.handle_user_exception(e)
  File "C:\Users\vincc\Documents\Archilog\.venv\lib\site-packages\flask\app.py", line 917, in full_dispatch_request
    rv = self.dispatch_request()
  File "C:\Users\vincc\Documents\Archilog\.venv\lib\site-packages\flask\app.py", line 902, in dispatch_request
    return self.ensure_sync(self.view_functions[rule.endpoint])(**view_args)  # type: ignore[no-any-return]
  File "C:\Users\vincc\Documents\Archilog\.venv\lib\site-packages\flask_httpauth.py", line 174, in decorated
    return self.ensure_sync(f)(*args, **kwargs)
  File "C:\Users\vincc\Documents\Archilog\src\archilog\views\web_ui.py", line 49, in index
    return render_template('access_denied.html'), 403
  File "C:\Users\vincc\Documents\Archilog\.venv\lib\site-packages\flask\templating.py", line 149, in render_template
    template = app.jinja_env.get_or_select_template(template_name_or_list)
  File "C:\Users\vincc\Documents\Archilog\.venv\lib\site-packages\jinja2\environment.py", line 1087, in get_or_select_template
    return self.get_template(template_name_or_list, parent, globals)
  File "C:\Users\vincc\Documents\Archilog\.venv\lib\site-packages\jinja2\environment.py", line 1016, in get_template
    return self._load_template(name, globals)
  File "C:\Users\vincc\Documents\Archilog\.venv\lib\site-packages\jinja2\environment.py", line 975, in _load_template
    template = self.loader.load(self, name, self.make_globals(globals))
  File "C:\Users\vincc\Documents\Archilog\.venv\lib\site-packages\jinja2\loaders.py", line 126, in load
    source, filename, uptodate = self.get_source(environment, name)
  File "C:\Users\vincc\Documents\Archilog\.venv\lib\site-packages\flask\templating.py", line 65, in get_source
    return self._get_source_fast(environment, template)
  File "C:\Users\vincc\Documents\Archilog\.venv\lib\site-packages\flask\templating.py", line 99, in _get_source_fast
    raise TemplateNotFound(template)
jinja2.exceptions.TemplateNotFound: access_denied.html
2025-03-22 19:27:18,236 [INFO] 127.0.0.1 - - [22/Mar/2025 19:27:18] "[35m[1mGET / HTTP/1.1[0m" 500 -
2025-03-22 19:27:18,248 [ERROR] Error on request:
Traceback (most recent call last):
  File "C:\Users\vincc\Documents\Archilog\.venv\lib\site-packages\flask\app.py", line 1511, in wsgi_app
    response = self.full_dispatch_request()
  File "C:\Users\vincc\Documents\Archilog\.venv\lib\site-packages\flask\app.py", line 919, in full_dispatch_request
    rv = self.handle_user_exception(e)
  File "C:\Users\vincc\Documents\Archilog\.venv\lib\site-packages\flask\app.py", line 917, in full_dispatch_request
    rv = self.dispatch_request()
  File "C:\Users\vincc\Documents\Archilog\.venv\lib\site-packages\flask\app.py", line 902, in dispatch_request
    return self.ensure_sync(self.view_functions[rule.endpoint])(**view_args)  # type: ignore[no-any-return]
  File "C:\Users\vincc\Documents\Archilog\.venv\lib\site-packages\flask_httpauth.py", line 174, in decorated
    return self.ensure_sync(f)(*args, **kwargs)
  File "C:\Users\vincc\Documents\Archilog\src\archilog\views\web_ui.py", line 49, in index
    return render_template('access_denied.html'), 403
  File "C:\Users\vincc\Documents\Archilog\.venv\lib\site-packages\flask\templating.py", line 149, in render_template
    template = app.jinja_env.get_or_select_template(template_name_or_list)
  File "C:\Users\vincc\Documents\Archilog\.venv\lib\site-packages\jinja2\environment.py", line 1087, in get_or_select_template
    return self.get_template(template_name_or_list, parent, globals)
  File "C:\Users\vincc\Documents\Archilog\.venv\lib\site-packages\jinja2\environment.py", line 1016, in get_template
    return self._load_template(name, globals)
  File "C:\Users\vincc\Documents\Archilog\.venv\lib\site-packages\jinja2\environment.py", line 975, in _load_template
    template = self.loader.load(self, name, self.make_globals(globals))
  File "C:\Users\vincc\Documents\Archilog\.venv\lib\site-packages\jinja2\loaders.py", line 126, in load
    source, filename, uptodate = self.get_source(environment, name)
  File "C:\Users\vincc\Documents\Archilog\.venv\lib\site-packages\flask\templating.py", line 65, in get_source
    return self._get_source_fast(environment, template)
  File "C:\Users\vincc\Documents\Archilog\.venv\lib\site-packages\flask\templating.py", line 99, in _get_source_fast
    raise TemplateNotFound(template)
jinja2.exceptions.TemplateNotFound: access_denied.html

During handling of the above exception, another exception occurred:

Traceback (most recent call last):
  File "C:\Users\vincc\Documents\Archilog\.venv\lib\site-packages\werkzeug\serving.py", line 370, in run_wsgi
    execute(self.server.app)
  File "C:\Users\vincc\Documents\Archilog\.venv\lib\site-packages\werkzeug\serving.py", line 331, in execute
    application_iter = app(environ, start_response)
  File "C:\Users\vincc\Documents\Archilog\.venv\lib\site-packages\flask\app.py", line 1536, in __call__
    return self.wsgi_app(environ, start_response)
  File "C:\Users\vincc\Documents\Archilog\.venv\lib\site-packages\flask\app.py", line 1514, in wsgi_app
    response = self.handle_exception(e)
  File "C:\Users\vincc\Documents\Archilog\.venv\lib\site-packages\flask\app.py", line 860, in handle_exception
    server_error = self.ensure_sync(handler)(server_error)
  File "C:\Users\vincc\Documents\Archilog\src\archilog\views\error_handler.py", line 21, in handle_internal_error
    return redirect(url_for("index.html"))  # Redirection vers la page d'accueil
  File "C:\Users\vincc\Documents\Archilog\.venv\lib\site-packages\flask\helpers.py", line 232, in url_for
    return current_app.url_for(
  File "C:\Users\vincc\Documents\Archilog\.venv\lib\site-packages\flask\app.py", line 1121, in url_for
    return self.handle_url_build_error(error, endpoint, values)
  File "C:\Users\vincc\Documents\Archilog\.venv\lib\site-packages\flask\app.py", line 1110, in url_for
    rv = url_adapter.build(  # type: ignore[union-attr]
  File "C:\Users\vincc\Documents\Archilog\.venv\lib\site-packages\werkzeug\routing\map.py", line 924, in build
    raise BuildError(endpoint, values, method, self)
werkzeug.routing.exceptions.BuildError: Could not build url for endpoint 'index.html'. Did you mean 'web_ui.index' instead?
2025-03-22 19:27:56,382 [INFO] Configuration chargée : Config(DATABASE_URL='sqlite:///data.db', DEBUG=True, SECRET_KEY='ma_super_cle_secrete')
2025-03-22 19:27:56,669 [INFO] Configuration chargée : Config(DATABASE_URL='sqlite:///data.db', DEBUG=True, SECRET_KEY='ma_super_cle_secrete')
2025-03-22 19:27:56,671 [INFO] BEGIN (implicit)
2025-03-22 19:27:56,671 [INFO] PRAGMA main.table_info("profile")
2025-03-22 19:27:56,671 [INFO] [raw sql] ()
2025-03-22 19:27:56,672 [INFO] COMMIT
2025-03-22 19:27:56,679 [INFO] [31m[1mWARNING: This is a development server. Do not use it in a production deployment. Use a production WSGI server instead.[0m
 * Running on http://127.0.0.1:5000
2025-03-22 19:27:56,679 [INFO] [33mPress CTRL+C to quit[0m
2025-03-22 19:27:58,415 [INFO] 127.0.0.1 - - [22/Mar/2025 19:27:58] "[31m[1mGET / HTTP/1.1[0m" 401 -
2025-03-22 19:27:58,416 [INFO] 127.0.0.1 - - [22/Mar/2025 19:27:58] "[31m[1mGET / HTTP/1.1[0m" 401 -
2025-03-22 19:28:00,836 [INFO] 127.0.0.1 - - [22/Mar/2025 19:28:00] "[31m[1mGET / HTTP/1.1[0m" 401 -
2025-03-22 19:28:01,137 [INFO] 127.0.0.1 - - [22/Mar/2025 19:28:01] "[31m[1mGET / HTTP/1.1[0m" 401 -
2025-03-22 19:52:51,026 [INFO] 127.0.0.1 - - [22/Mar/2025 19:52:51] "[31m[1mGET / HTTP/1.1[0m" 401 -
2025-03-22 19:52:51,027 [INFO] 127.0.0.1 - - [22/Mar/2025 19:52:51] "[31m[1mGET / HTTP/1.1[0m" 401 -
2025-03-22 19:54:07,717 [INFO] Configuration chargée : Config(DATABASE_URL='sqlite:///data.db', DEBUG=True, SECRET_KEY='ma_super_cle_secrete')
2025-03-22 19:54:08,127 [INFO] Configuration chargée : Config(DATABASE_URL='sqlite:///data.db', DEBUG=True, SECRET_KEY='ma_super_cle_secrete')
2025-03-22 19:54:08,129 [INFO] BEGIN (implicit)
2025-03-22 19:54:08,130 [INFO] PRAGMA main.table_info("profile")
2025-03-22 19:54:08,130 [INFO] [raw sql] ()
2025-03-22 19:54:08,130 [INFO] COMMIT
2025-03-22 19:54:08,138 [INFO] [31m[1mWARNING: This is a development server. Do not use it in a production deployment. Use a production WSGI server instead.[0m
 * Running on http://127.0.0.1:5000
2025-03-22 19:54:08,139 [INFO] [33mPress CTRL+C to quit[0m
2025-03-22 19:54:09,522 [INFO] 127.0.0.1 - - [22/Mar/2025 19:54:09] "[32mGET / HTTP/1.1[0m" 302 -
2025-03-22 19:54:09,599 [INFO] 127.0.0.1 - - [22/Mar/2025 19:54:09] "GET /visitor HTTP/1.1" 200 -
2025-03-22 19:54:15,479 [INFO] 127.0.0.1 - - [22/Mar/2025 19:54:15] "[32mGET / HTTP/1.1[0m" 302 -
2025-03-22 19:54:15,549 [INFO] 127.0.0.1 - - [22/Mar/2025 19:54:15] "GET /visitor HTTP/1.1" 200 -
2025-03-22 19:54:19,910 [INFO] 127.0.0.1 - - [22/Mar/2025 19:54:19] "[31m[1mGET / HTTP/1.1[0m" 401 -
2025-03-22 19:54:19,911 [INFO] 127.0.0.1 - - [22/Mar/2025 19:54:19] "[31m[1mGET / HTTP/1.1[0m" 401 -
2025-03-22 19:54:23,934 [INFO] 127.0.0.1 - - [22/Mar/2025 19:54:23] "[31m[1mGET / HTTP/1.1[0m" 401 -
2025-03-22 19:54:24,234 [INFO] 127.0.0.1 - - [22/Mar/2025 19:54:24] "[31m[1mGET / HTTP/1.1[0m" 401 -
2025-03-22 19:54:30,194 [INFO] 127.0.0.1 - - [22/Mar/2025 19:54:30] "[31m[1mGET / HTTP/1.1[0m" 401 -
2025-03-22 19:54:30,195 [INFO] 127.0.0.1 - - [22/Mar/2025 19:54:30] "[31m[1mGET / HTTP/1.1[0m" 401 -
2025-03-22 19:54:33,366 [INFO] 127.0.0.1 - - [22/Mar/2025 19:54:33] "[31m[1mGET / HTTP/1.1[0m" 401 -
2025-03-22 19:54:33,670 [INFO] 127.0.0.1 - - [22/Mar/2025 19:54:33] "[31m[1mGET / HTTP/1.1[0m" 401 -
2025-03-22 19:56:02,640 [INFO] 127.0.0.1 - - [22/Mar/2025 19:56:02] "[31m[1mGET / HTTP/1.1[0m" 401 -
2025-03-22 19:56:02,641 [INFO] 127.0.0.1 - - [22/Mar/2025 19:56:02] "[31m[1mGET / HTTP/1.1[0m" 401 -
2025-03-22 19:56:06,245 [INFO] 127.0.0.1 - - [22/Mar/2025 19:56:06] "[31m[1mGET / HTTP/1.1[0m" 401 -
2025-03-22 19:56:06,546 [INFO] 127.0.0.1 - - [22/Mar/2025 19:56:06] "[31m[1mGET / HTTP/1.1[0m" 401 -
2025-03-22 19:56:07,741 [INFO] 127.0.0.1 - - [22/Mar/2025 19:56:07] "[31m[1mGET / HTTP/1.1[0m" 401 -
2025-03-22 19:56:07,742 [INFO] 127.0.0.1 - - [22/Mar/2025 19:56:07] "[31m[1mGET / HTTP/1.1[0m" 401 -
2025-03-22 19:56:08,071 [INFO] 127.0.0.1 - - [22/Mar/2025 19:56:08] "[33mGET /favicon.ico HTTP/1.1[0m" 404 -
2025-03-22 19:56:13,439 [INFO] 127.0.0.1 - - [22/Mar/2025 19:56:13] "[31m[1mGET / HTTP/1.1[0m" 401 -
2025-03-22 19:56:13,440 [INFO] 127.0.0.1 - - [22/Mar/2025 19:56:13] "[31m[1mGET / HTTP/1.1[0m" 401 -
2025-03-22 19:56:18,330 [INFO] 127.0.0.1 - - [22/Mar/2025 19:56:18] "[31m[1mGET / HTTP/1.1[0m" 401 -
2025-03-22 19:56:18,631 [INFO] 127.0.0.1 - - [22/Mar/2025 19:56:18] "[31m[1mGET / HTTP/1.1[0m" 401 -
2025-03-22 19:56:19,930 [INFO] 127.0.0.1 - - [22/Mar/2025 19:56:19] "[31m[1mGET / HTTP/1.1[0m" 401 -
2025-03-22 19:56:19,932 [INFO] 127.0.0.1 - - [22/Mar/2025 19:56:19] "[31m[1mGET / HTTP/1.1[0m" 401 -
2025-03-22 19:56:22,287 [INFO] 127.0.0.1 - - [22/Mar/2025 19:56:22] "[31m[1mGET / HTTP/1.1[0m" 401 -
2025-03-22 19:56:22,588 [INFO] 127.0.0.1 - - [22/Mar/2025 19:56:22] "[31m[1mGET / HTTP/1.1[0m" 401 -
2025-03-22 19:56:23,841 [INFO] 127.0.0.1 - - [22/Mar/2025 19:56:23] "[31m[1mGET / HTTP/1.1[0m" 401 -
2025-03-22 19:56:23,842 [INFO] 127.0.0.1 - - [22/Mar/2025 19:56:23] "[31m[1mGET / HTTP/1.1[0m" 401 -
2025-03-22 19:56:51,724 [INFO] Configuration chargée : Config(DATABASE_URL='sqlite:///data.db', DEBUG=True, SECRET_KEY='ma_super_cle_secrete')
2025-03-22 19:56:52,023 [INFO] Configuration chargée : Config(DATABASE_URL='sqlite:///data.db', DEBUG=True, SECRET_KEY='ma_super_cle_secrete')
2025-03-22 19:56:52,025 [INFO] BEGIN (implicit)
2025-03-22 19:56:52,025 [INFO] PRAGMA main.table_info("profile")
2025-03-22 19:56:52,025 [INFO] [raw sql] ()
2025-03-22 19:56:52,026 [INFO] COMMIT
2025-03-22 19:56:52,033 [INFO] [31m[1mWARNING: This is a development server. Do not use it in a production deployment. Use a production WSGI server instead.[0m
 * Running on http://127.0.0.1:5000
2025-03-22 19:56:52,033 [INFO] [33mPress CTRL+C to quit[0m
2025-03-22 19:56:53,507 [INFO] 127.0.0.1 - - [22/Mar/2025 19:56:53] "[31m[1mGET / HTTP/1.1[0m" 401 -
2025-03-22 19:58:37,062 [INFO] Configuration chargée : Config(DATABASE_URL='sqlite:///data.db', DEBUG=True, SECRET_KEY='ma_super_cle_secrete')
2025-03-22 19:58:37,355 [INFO] Configuration chargée : Config(DATABASE_URL='sqlite:///data.db', DEBUG=True, SECRET_KEY='ma_super_cle_secrete')
2025-03-22 19:58:37,357 [INFO] BEGIN (implicit)
2025-03-22 19:58:37,357 [INFO] PRAGMA main.table_info("profile")
2025-03-22 19:58:37,357 [INFO] [raw sql] ()
2025-03-22 19:58:37,357 [INFO] COMMIT
2025-03-22 19:58:37,365 [INFO] [31m[1mWARNING: This is a development server. Do not use it in a production deployment. Use a production WSGI server instead.[0m
 * Running on http://127.0.0.1:5000
2025-03-22 19:58:37,365 [INFO] [33mPress CTRL+C to quit[0m
2025-03-22 19:58:51,982 [INFO] Configuration chargée : Config(DATABASE_URL='sqlite:///data.db', DEBUG=True, SECRET_KEY='ma_super_cle_secrete')
2025-03-22 19:58:52,281 [INFO] Configuration chargée : Config(DATABASE_URL='sqlite:///data.db', DEBUG=True, SECRET_KEY='ma_super_cle_secrete')
2025-03-22 19:58:52,283 [INFO] BEGIN (implicit)
2025-03-22 19:58:52,283 [INFO] PRAGMA main.table_info("profile")
2025-03-22 19:58:52,283 [INFO] [raw sql] ()
2025-03-22 19:58:52,284 [INFO] COMMIT
2025-03-22 19:58:52,291 [INFO] [31m[1mWARNING: This is a development server. Do not use it in a production deployment. Use a production WSGI server instead.[0m
 * Running on http://127.0.0.1:5000
2025-03-22 19:58:52,291 [INFO] [33mPress CTRL+C to quit[0m
2025-03-22 19:58:55,782 [INFO] 127.0.0.1 - - [22/Mar/2025 19:58:55] "[31m[1mGET / HTTP/1.1[0m" 401 -
2025-03-22 19:58:58,186 [INFO] 127.0.0.1 - - [22/Mar/2025 19:58:58] "[32mGET / HTTP/1.1[0m" 302 -
2025-03-22 19:58:58,261 [INFO] 127.0.0.1 - - [22/Mar/2025 19:58:58] "GET /admin HTTP/1.1" 200 -
2025-03-22 19:59:01,675 [INFO] 127.0.0.1 - - [22/Mar/2025 19:59:01] "GET /display_create_user HTTP/1.1" 200 -
2025-03-22 19:59:05,686 [INFO] 127.0.0.1 - - [22/Mar/2025 19:59:05] "POST /display_create_user HTTP/1.1" 200 -
2025-03-22 19:59:06,783 [INFO] 127.0.0.1 - - [22/Mar/2025 19:59:06] "POST /display_create_user HTTP/1.1" 200 -
2025-03-22 19:59:25,540 [INFO] 127.0.0.1 - - [22/Mar/2025 19:59:25] "GET /display_create_user HTTP/1.1" 200 -
2025-03-22 19:59:27,305 [INFO] 127.0.0.1 - - [22/Mar/2025 19:59:27] "GET /display_delete_user_page HTTP/1.1" 200 -
2025-03-22 19:59:28,937 [INFO] 127.0.0.1 - - [22/Mar/2025 19:59:28] "GET /display_update_user_page HTTP/1.1" 200 -
2025-03-22 19:59:31,625 [INFO] 127.0.0.1 - - [22/Mar/2025 19:59:31] "GET /display_create_user HTTP/1.1" 200 -
2025-03-22 19:59:35,899 [INFO] 127.0.0.1 - - [22/Mar/2025 19:59:35] "POST /display_create_user HTTP/1.1" 200 -
2025-03-22 20:00:38,365 [INFO] Configuration chargée : Config(DATABASE_URL='sqlite:///data.db', DEBUG=True, SECRET_KEY='ma_super_cle_secrete')
2025-03-22 20:00:38,664 [INFO] Configuration chargée : Config(DATABASE_URL='sqlite:///data.db', DEBUG=True, SECRET_KEY='ma_super_cle_secrete')
2025-03-22 20:00:38,666 [INFO] BEGIN (implicit)
2025-03-22 20:00:38,666 [INFO] PRAGMA main.table_info("profile")
2025-03-22 20:00:38,666 [INFO] [raw sql] ()
2025-03-22 20:00:38,666 [INFO] COMMIT
2025-03-22 20:00:38,674 [INFO] [31m[1mWARNING: This is a development server. Do not use it in a production deployment. Use a production WSGI server instead.[0m
 * Running on http://127.0.0.1:5000
2025-03-22 20:00:38,674 [INFO] [33mPress CTRL+C to quit[0m
2025-03-22 20:00:42,878 [INFO] BEGIN (implicit)
2025-03-22 20:00:42,878 [INFO] INSERT INTO profile (id, name, amount, category) VALUES (?, ?, ?, ?)
2025-03-22 20:00:42,878 [INFO] [generated in 0.00030s] ('0b357ec8909c4580aa10b8373919b755', 'carret', 400.0, 'zff')
2025-03-22 20:00:42,879 [INFO] COMMIT
2025-03-22 20:00:42,889 [INFO] 127.0.0.1 - - [22/Mar/2025 20:00:42] "[32mPOST /display_create_user HTTP/1.1[0m" 302 -
2025-03-22 20:00:42,963 [INFO] 127.0.0.1 - - [22/Mar/2025 20:00:42] "GET /admin HTTP/1.1" 200 -
2025-03-22 20:00:44,026 [INFO] 127.0.0.1 - - [22/Mar/2025 20:00:44] "GET /display_create_user HTTP/1.1" 200 -
2025-03-22 20:00:52,421 [INFO] BEGIN (implicit)
2025-03-22 20:00:52,422 [INFO] INSERT INTO profile (id, name, amount, category) VALUES (?, ?, ?, ?)
2025-03-22 20:00:52,422 [INFO] [cached since 9.544s ago] ('37a5a19e6be04bd4ad40a3e774bcaebe', 'carret', 50.0, 'fzf')
2025-03-22 20:00:52,423 [INFO] COMMIT
2025-03-22 20:00:52,432 [INFO] 127.0.0.1 - - [22/Mar/2025 20:00:52] "[32mPOST /display_create_user HTTP/1.1[0m" 302 -
2025-03-22 20:00:52,714 [INFO] 127.0.0.1 - - [22/Mar/2025 20:00:52] "GET /admin HTTP/1.1" 200 -
2025-03-22 20:01:01,329 [INFO] 127.0.0.1 - - [22/Mar/2025 20:01:01] "GET /display_create_user HTTP/1.1" 200 -
2025-03-22 20:01:05,441 [INFO] BEGIN (implicit)
2025-03-22 20:01:05,441 [INFO] INSERT INTO profile (id, name, amount, category) VALUES (?, ?, ?, ?)
2025-03-22 20:01:05,442 [INFO] [cached since 22.56s ago] ('395800bd454a4b56a909030f952b0a47', 'carret', 100.0, 'fzzf')
2025-03-22 20:01:05,442 [INFO] COMMIT
2025-03-22 20:01:05,452 [INFO] 127.0.0.1 - - [22/Mar/2025 20:01:05] "[32mPOST /display_create_user HTTP/1.1[0m" 302 -
2025-03-22 20:01:05,526 [INFO] 127.0.0.1 - - [22/Mar/2025 20:01:05] "GET /admin HTTP/1.1" 200 -
2025-03-22 20:01:10,298 [INFO] 127.0.0.1 - - [22/Mar/2025 20:01:10] "GET /display_delete_user_page HTTP/1.1" 200 -
2025-03-22 20:01:14,133 [INFO] The CSRF token is missing.
2025-03-22 20:01:14,133 [INFO] 127.0.0.1 - - [22/Mar/2025 20:01:14] "POST /display_delete_user_page HTTP/1.1" 200 -
2025-03-22 20:01:19,635 [INFO] The CSRF token is missing.
2025-03-22 20:01:19,635 [INFO] 127.0.0.1 - - [22/Mar/2025 20:01:19] "POST /display_delete_user_page HTTP/1.1" 200 -
2025-03-22 20:01:28,106 [INFO] The CSRF token is missing.
2025-03-22 20:01:28,107 [INFO] 127.0.0.1 - - [22/Mar/2025 20:01:28] "POST /display_delete_user_page HTTP/1.1" 200 -
2025-03-22 20:03:08,993 [INFO] Configuration chargée : Config(DATABASE_URL='sqlite:///data.db', DEBUG=True, SECRET_KEY='ma_super_cle_secrete')
2025-03-22 20:03:09,283 [INFO] Configuration chargée : Config(DATABASE_URL='sqlite:///data.db', DEBUG=True, SECRET_KEY='ma_super_cle_secrete')
2025-03-22 20:03:09,285 [INFO] BEGIN (implicit)
2025-03-22 20:03:09,285 [INFO] PRAGMA main.table_info("profile")
2025-03-22 20:03:09,285 [INFO] [raw sql] ()
2025-03-22 20:03:09,286 [INFO] COMMIT
2025-03-22 20:03:09,293 [INFO] [31m[1mWARNING: This is a development server. Do not use it in a production deployment. Use a production WSGI server instead.[0m
 * Running on http://127.0.0.1:5000
2025-03-22 20:03:09,293 [INFO] [33mPress CTRL+C to quit[0m
2025-03-22 20:03:16,028 [INFO] 127.0.0.1 - - [22/Mar/2025 20:03:16] "[32mGET / HTTP/1.1[0m" 302 -
2025-03-22 20:03:16,114 [INFO] 127.0.0.1 - - [22/Mar/2025 20:03:16] "GET /admin HTTP/1.1" 200 -
2025-03-22 20:03:19,531 [INFO] 127.0.0.1 - - [22/Mar/2025 20:03:19] "GET /display_delete_user_page HTTP/1.1" 200 -
2025-03-22 20:03:25,180 [INFO] The CSRF token is missing.
2025-03-22 20:03:25,181 [INFO] 127.0.0.1 - - [22/Mar/2025 20:03:25] "[31m[1mPOST /display_delete_user_page HTTP/1.1[0m" 400 -
2025-03-22 20:04:59,811 [INFO] Configuration chargée : Config(DATABASE_URL='sqlite:///data.db', DEBUG=True, SECRET_KEY='ma_super_cle_secrete')
2025-03-22 20:05:00,104 [INFO] Configuration chargée : Config(DATABASE_URL='sqlite:///data.db', DEBUG=True, SECRET_KEY='ma_super_cle_secrete')
2025-03-22 20:05:00,106 [INFO] BEGIN (implicit)
2025-03-22 20:05:00,106 [INFO] PRAGMA main.table_info("profile")
2025-03-22 20:05:00,106 [INFO] [raw sql] ()
2025-03-22 20:05:00,107 [INFO] COMMIT
2025-03-22 20:05:00,114 [INFO] [31m[1mWARNING: This is a development server. Do not use it in a production deployment. Use a production WSGI server instead.[0m
 * Running on http://127.0.0.1:5000
2025-03-22 20:05:00,115 [INFO] [33mPress CTRL+C to quit[0m
2025-03-22 20:05:04,711 [INFO] The CSRF token is missing.
2025-03-22 20:05:04,711 [INFO] 127.0.0.1 - - [22/Mar/2025 20:05:04] "[31m[1mPOST /display_delete_user_page HTTP/1.1[0m" 400 -
2025-03-22 20:06:28,809 [INFO] 127.0.0.1 - - [22/Mar/2025 20:06:28] "GET /display_create_user HTTP/1.1" 200 -
2025-03-22 20:06:34,999 [INFO] BEGIN (implicit)
2025-03-22 20:06:34,999 [INFO] INSERT INTO profile (id, name, amount, category) VALUES (?, ?, ?, ?)
2025-03-22 20:06:34,999 [INFO] [generated in 0.00031s] ('67b5b66c618d4b5da935f8ead6318e7e', 'carret', 410.0, 'zf')
2025-03-22 20:06:35,000 [INFO] COMMIT
2025-03-22 20:06:35,011 [INFO] 127.0.0.1 - - [22/Mar/2025 20:06:35] "[32mPOST /display_create_user HTTP/1.1[0m" 302 -
2025-03-22 20:06:35,297 [INFO] 127.0.0.1 - - [22/Mar/2025 20:06:35] "GET /admin HTTP/1.1" 200 -
2025-03-22 20:08:15,380 [INFO] Configuration chargée : Config(DATABASE_URL='sqlite:///data.db', DEBUG=True, SECRET_KEY='ma_super_cle_secrete')
2025-03-22 20:08:15,695 [INFO] Configuration chargée : Config(DATABASE_URL='sqlite:///data.db', DEBUG=True, SECRET_KEY='ma_super_cle_secrete')
2025-03-22 20:08:15,697 [INFO] BEGIN (implicit)
2025-03-22 20:08:15,698 [INFO] PRAGMA main.table_info("profile")
2025-03-22 20:08:15,698 [INFO] [raw sql] ()
2025-03-22 20:08:15,698 [INFO] COMMIT
2025-03-22 20:08:15,706 [INFO] [31m[1mWARNING: This is a development server. Do not use it in a production deployment. Use a production WSGI server instead.[0m
 * Running on http://127.0.0.1:5000
2025-03-22 20:08:15,706 [INFO] [33mPress CTRL+C to quit[0m
2025-03-22 20:08:19,504 [INFO] 127.0.0.1 - - [22/Mar/2025 20:08:19] "GET /admin HTTP/1.1" 200 -
2025-03-22 20:08:19,910 [INFO] 127.0.0.1 - - [22/Mar/2025 20:08:19] "GET /display_delete_user_page HTTP/1.1" 200 -
2025-03-22 20:08:26,271 [INFO] BEGIN (implicit)
2025-03-22 20:08:26,271 [INFO] DELETE FROM profile WHERE profile.id = ?
2025-03-22 20:08:26,271 [INFO] [generated in 0.00030s] ('67b5b66c618d4b5da935f8ead6318e7e',)
2025-03-22 20:08:26,273 [INFO] COMMIT
2025-03-22 20:08:26,283 [INFO] 127.0.0.1 - - [22/Mar/2025 20:08:26] "[32mPOST /display_delete_user_page HTTP/1.1[0m" 302 -
2025-03-22 20:08:26,654 [INFO] 127.0.0.1 - - [22/Mar/2025 20:08:26] "[32mGET / HTTP/1.1[0m" 302 -
2025-03-22 20:08:27,031 [INFO] 127.0.0.1 - - [22/Mar/2025 20:08:27] "GET /admin HTTP/1.1" 200 -
2025-03-22 20:08:58,094 [INFO] 127.0.0.1 - - [22/Mar/2025 20:08:58] "GET /admin HTTP/1.1" 200 -
2025-03-22 20:08:59,569 [INFO] 127.0.0.1 - - [22/Mar/2025 20:08:59] "GET /display_update_user_page HTTP/1.1" 200 -
2025-03-22 20:09:01,870 [INFO] BEGIN (implicit)
2025-03-22 20:09:01,870 [INFO] SELECT profile.id, profile.name, profile.amount, profile.category 
FROM profile
2025-03-22 20:09:01,870 [INFO] [generated in 0.00031s] ()
2025-03-22 20:09:01,871 [INFO] ROLLBACK
2025-03-22 20:09:01,871 [INFO] 127.0.0.1 - - [22/Mar/2025 20:09:01] "GET /export_csv HTTP/1.1" 200 -
2025-03-22 20:09:23,315 [INFO] 127.0.0.1 - - [22/Mar/2025 20:09:23] "[32mGET / HTTP/1.1[0m" 302 -
2025-03-22 20:09:23,618 [INFO] 127.0.0.1 - - [22/Mar/2025 20:09:23] "GET /admin HTTP/1.1" 200 -
2025-03-22 20:09:26,451 [INFO] 127.0.0.1 - - [22/Mar/2025 20:09:26] "[31m[1mGET / HTTP/1.1[0m" 401 -
2025-03-22 20:09:26,452 [INFO] 127.0.0.1 - - [22/Mar/2025 20:09:26] "[31m[1mGET / HTTP/1.1[0m" 401 -
2025-03-22 20:09:32,071 [INFO] 127.0.0.1 - - [22/Mar/2025 20:09:32] "[31m[1mGET / HTTP/1.1[0m" 401 -
2025-03-22 20:09:32,371 [INFO] 127.0.0.1 - - [22/Mar/2025 20:09:32] "[31m[1mGET / HTTP/1.1[0m" 401 -
2025-03-22 20:09:35,299 [INFO] 127.0.0.1 - - [22/Mar/2025 20:09:35] "[31m[1mGET / HTTP/1.1[0m" 401 -
2025-03-22 20:09:35,300 [INFO] 127.0.0.1 - - [22/Mar/2025 20:09:35] "[31m[1mGET / HTTP/1.1[0m" 401 -
2025-03-22 20:09:43,595 [INFO] 127.0.0.1 - - [22/Mar/2025 20:09:43] "[31m[1mGET / HTTP/1.1[0m" 401 -
2025-03-22 20:09:43,896 [INFO] 127.0.0.1 - - [22/Mar/2025 20:09:43] "[31m[1mGET / HTTP/1.1[0m" 401 -
2025-03-22 20:09:48,468 [INFO] 127.0.0.1 - - [22/Mar/2025 20:09:48] "[31m[1mGET / HTTP/1.1[0m" 401 -
2025-03-22 20:09:48,471 [INFO] 127.0.0.1 - - [22/Mar/2025 20:09:48] "[31m[1mGET / HTTP/1.1[0m" 401 -
2025-03-22 20:09:51,164 [INFO] 127.0.0.1 - - [22/Mar/2025 20:09:51] "[31m[1mGET / HTTP/1.1[0m" 401 -
2025-03-22 20:09:51,464 [INFO] 127.0.0.1 - - [22/Mar/2025 20:09:51] "[31m[1mGET / HTTP/1.1[0m" 401 -
2025-03-22 20:09:52,519 [INFO] 127.0.0.1 - - [22/Mar/2025 20:09:52] "[31m[1mGET / HTTP/1.1[0m" 401 -
2025-03-22 20:09:52,521 [INFO] 127.0.0.1 - - [22/Mar/2025 20:09:52] "[31m[1mGET / HTTP/1.1[0m" 401 -
2025-03-22 20:10:30,405 [INFO] Configuration chargée : Config(DATABASE_URL='sqlite:///data.db', DEBUG=True, SECRET_KEY='ma_super_cle_secrete')
2025-03-22 20:10:30,668 [INFO] Configuration chargée : Config(DATABASE_URL='sqlite:///data.db', DEBUG=True, SECRET_KEY='ma_super_cle_secrete')
2025-03-22 20:10:30,671 [INFO] BEGIN (implicit)
2025-03-22 20:10:30,671 [INFO] PRAGMA main.table_info("profile")
2025-03-22 20:10:30,671 [INFO] [raw sql] ()
2025-03-22 20:10:30,672 [INFO] COMMIT
2025-03-22 20:10:30,680 [INFO] [31m[1mWARNING: This is a development server. Do not use it in a production deployment. Use a production WSGI server instead.[0m
 * Running on http://127.0.0.1:5000
2025-03-22 20:10:30,680 [INFO] [33mPress CTRL+C to quit[0m
2025-03-22 20:10:31,898 [INFO] 127.0.0.1 - - [22/Mar/2025 20:10:31] "[31m[1mGET / HTTP/1.1[0m" 401 -
2025-03-22 20:10:31,899 [INFO] 127.0.0.1 - - [22/Mar/2025 20:10:31] "[31m[1mGET / HTTP/1.1[0m" 401 -
2025-03-22 20:10:35,152 [INFO] 127.0.0.1 - - [22/Mar/2025 20:10:35] "[31m[1mGET / HTTP/1.1[0m" 401 -
2025-03-22 20:10:35,453 [INFO] 127.0.0.1 - - [22/Mar/2025 20:10:35] "[31m[1mGET / HTTP/1.1[0m" 401 -
2025-03-22 20:10:57,618 [INFO] Configuration chargée : Config(DATABASE_URL='sqlite:///data.db', DEBUG=True, SECRET_KEY='ma_super_cle_secrete')
2025-03-22 20:10:57,927 [INFO] Configuration chargée : Config(DATABASE_URL='sqlite:///data.db', DEBUG=True, SECRET_KEY='ma_super_cle_secrete')
2025-03-22 20:10:57,929 [INFO] BEGIN (implicit)
2025-03-22 20:10:57,929 [INFO] PRAGMA main.table_info("profile")
2025-03-22 20:10:57,929 [INFO] [raw sql] ()
2025-03-22 20:10:57,930 [INFO] COMMIT
2025-03-22 20:10:57,938 [INFO] [31m[1mWARNING: This is a development server. Do not use it in a production deployment. Use a production WSGI server instead.[0m
 * Running on http://127.0.0.1:5000
2025-03-22 20:10:57,938 [INFO] [33mPress CTRL+C to quit[0m
2025-03-22 20:11:00,013 [INFO] 127.0.0.1 - - [22/Mar/2025 20:11:00] "[31m[1mGET / HTTP/1.1[0m" 401 -
2025-03-22 20:11:00,015 [INFO] 127.0.0.1 - - [22/Mar/2025 20:11:00] "[31m[1mGET / HTTP/1.1[0m" 401 -
2025-03-22 20:11:01,977 [INFO] 127.0.0.1 - - [22/Mar/2025 20:11:01] "[31m[1mGET / HTTP/1.1[0m" 401 -
2025-03-22 20:11:02,278 [INFO] 127.0.0.1 - - [22/Mar/2025 20:11:02] "[31m[1mGET / HTTP/1.1[0m" 401 -
2025-03-22 20:13:32,591 [INFO] Configuration chargée : Config(DATABASE_URL='sqlite:///data.db', DEBUG=True, SECRET_KEY='ma_super_cle_secrete')
2025-03-22 20:13:32,889 [INFO] Configuration chargée : Config(DATABASE_URL='sqlite:///data.db', DEBUG=True, SECRET_KEY='ma_super_cle_secrete')
2025-03-22 20:13:32,891 [INFO] BEGIN (implicit)
2025-03-22 20:13:32,892 [INFO] PRAGMA main.table_info("profile")
2025-03-22 20:13:32,892 [INFO] [raw sql] ()
2025-03-22 20:13:32,892 [INFO] COMMIT
2025-03-22 20:13:32,899 [INFO] [31m[1mWARNING: This is a development server. Do not use it in a production deployment. Use a production WSGI server instead.[0m
 * Running on http://127.0.0.1:5000
2025-03-22 20:13:32,899 [INFO] [33mPress CTRL+C to quit[0m
2025-03-22 20:13:33,753 [INFO] 127.0.0.1 - - [22/Mar/2025 20:13:33] "[31m[1mGET / HTTP/1.1[0m" 401 -
2025-03-22 20:13:33,754 [INFO] 127.0.0.1 - - [22/Mar/2025 20:13:33] "[31m[1mGET / HTTP/1.1[0m" 401 -
2025-03-22 20:13:36,279 [INFO] 127.0.0.1 - - [22/Mar/2025 20:13:36] "[31m[1mGET / HTTP/1.1[0m" 401 -
2025-03-22 20:13:36,581 [INFO] 127.0.0.1 - - [22/Mar/2025 20:13:36] "[31m[1mGET / HTTP/1.1[0m" 401 -
2025-03-22 20:13:40,682 [INFO] 127.0.0.1 - - [22/Mar/2025 20:13:40] "[31m[1mGET / HTTP/1.1[0m" 401 -
2025-03-22 20:13:40,683 [INFO] 127.0.0.1 - - [22/Mar/2025 20:13:40] "[31m[1mGET / HTTP/1.1[0m" 401 -
2025-03-22 20:15:06,092 [INFO] Configuration chargée : Config(DATABASE_URL='sqlite:///data.db', DEBUG=True, SECRET_KEY='ma_super_cle_secrete')
2025-03-22 20:15:06,404 [INFO] Configuration chargée : Config(DATABASE_URL='sqlite:///data.db', DEBUG=True, SECRET_KEY='ma_super_cle_secrete')
2025-03-22 20:15:06,407 [INFO] BEGIN (implicit)
2025-03-22 20:15:06,407 [INFO] PRAGMA main.table_info("profile")
2025-03-22 20:15:06,407 [INFO] [raw sql] ()
2025-03-22 20:15:06,408 [INFO] COMMIT
2025-03-22 20:15:06,415 [INFO] [31m[1mWARNING: This is a development server. Do not use it in a production deployment. Use a production WSGI server instead.[0m
 * Running on http://127.0.0.1:5000
2025-03-22 20:15:06,415 [INFO] [33mPress CTRL+C to quit[0m
2025-03-22 20:15:18,017 [INFO] 127.0.0.1 - - [22/Mar/2025 20:15:18] "[35m[1mGET / HTTP/1.1[0m" 500 -
2025-03-22 20:15:18,281 [INFO] 127.0.0.1 - - [22/Mar/2025 20:15:18] "[35m[1mGET / HTTP/1.1[0m" 500 -
2025-03-22 20:15:25,854 [INFO] Configuration chargée : Config(DATABASE_URL='sqlite:///data.db', DEBUG=True, SECRET_KEY='ma_super_cle_secrete')
2025-03-22 20:15:26,160 [INFO] Configuration chargée : Config(DATABASE_URL='sqlite:///data.db', DEBUG=True, SECRET_KEY='ma_super_cle_secrete')
2025-03-22 20:15:26,162 [INFO] BEGIN (implicit)
2025-03-22 20:15:26,162 [INFO] PRAGMA main.table_info("profile")
2025-03-22 20:15:26,162 [INFO] [raw sql] ()
2025-03-22 20:15:26,162 [INFO] COMMIT
2025-03-22 20:15:26,170 [INFO] [31m[1mWARNING: This is a development server. Do not use it in a production deployment. Use a production WSGI server instead.[0m
 * Running on http://127.0.0.1:5000
2025-03-22 20:15:26,170 [INFO] [33mPress CTRL+C to quit[0m
2025-03-22 20:15:27,366 [INFO] 127.0.0.1 - - [22/Mar/2025 20:15:27] "[35m[1mGET / HTTP/1.1[0m" 500 -
2025-03-22 20:15:52,558 [INFO] Configuration chargée : Config(DATABASE_URL='sqlite:///data.db', DEBUG=True, SECRET_KEY='ma_super_cle_secrete')
2025-03-22 20:15:52,864 [INFO] Configuration chargée : Config(DATABASE_URL='sqlite:///data.db', DEBUG=True, SECRET_KEY='ma_super_cle_secrete')
2025-03-22 20:15:52,867 [INFO] BEGIN (implicit)
2025-03-22 20:15:52,867 [INFO] PRAGMA main.table_info("profile")
2025-03-22 20:15:52,867 [INFO] [raw sql] ()
2025-03-22 20:15:52,868 [INFO] COMMIT
2025-03-22 20:15:52,876 [INFO] [31m[1mWARNING: This is a development server. Do not use it in a production deployment. Use a production WSGI server instead.[0m
 * Running on http://127.0.0.1:5000
2025-03-22 20:15:52,876 [INFO] [33mPress CTRL+C to quit[0m
2025-03-22 20:15:54,661 [INFO] 127.0.0.1 - - [22/Mar/2025 20:15:54] "[35m[1mGET / HTTP/1.1[0m" 500 -
2025-03-22 20:16:04,459 [INFO] Configuration chargée : Config(DATABASE_URL='sqlite:///data.db', DEBUG=True, SECRET_KEY='ma_super_cle_secrete')
2025-03-22 20:16:04,758 [INFO] Configuration chargée : Config(DATABASE_URL='sqlite:///data.db', DEBUG=True, SECRET_KEY='ma_super_cle_secrete')
2025-03-22 20:16:04,760 [INFO] BEGIN (implicit)
2025-03-22 20:16:04,760 [INFO] PRAGMA main.table_info("profile")
2025-03-22 20:16:04,761 [INFO] [raw sql] ()
2025-03-22 20:16:04,761 [INFO] COMMIT
2025-03-22 20:16:04,768 [INFO] [31m[1mWARNING: This is a development server. Do not use it in a production deployment. Use a production WSGI server instead.[0m
 * Running on http://127.0.0.1:5000
2025-03-22 20:16:04,768 [INFO] [33mPress CTRL+C to quit[0m
2025-03-22 20:16:06,174 [INFO] 127.0.0.1 - - [22/Mar/2025 20:16:06] "[32mGET / HTTP/1.1[0m" 302 -
2025-03-22 20:16:06,251 [INFO] 127.0.0.1 - - [22/Mar/2025 20:16:06] "GET /visitor HTTP/1.1" 200 -
2025-03-22 20:16:18,791 [INFO] 127.0.0.1 - - [22/Mar/2025 20:16:18] "[31m[1mGET / HTTP/1.1[0m" 401 -
2025-03-22 20:16:21,050 [INFO] 127.0.0.1 - - [22/Mar/2025 20:16:21] "[32mGET / HTTP/1.1[0m" 302 -
2025-03-22 20:16:21,122 [INFO] 127.0.0.1 - - [22/Mar/2025 20:16:21] "GET /admin HTTP/1.1" 200 -
2025-03-22 20:16:33,802 [INFO] 127.0.0.1 - - [22/Mar/2025 20:16:33] "[32mGET / HTTP/1.1[0m" 302 -
2025-03-22 20:16:33,879 [INFO] 127.0.0.1 - - [22/Mar/2025 20:16:33] "GET /admin HTTP/1.1" 200 -
2025-03-22 20:16:38,031 [INFO] 127.0.0.1 - - [22/Mar/2025 20:16:38] "[32mGET / HTTP/1.1[0m" 302 -
2025-03-22 20:16:38,335 [INFO] 127.0.0.1 - - [22/Mar/2025 20:16:38] "GET /admin HTTP/1.1" 200 -
2025-03-22 20:16:45,970 [INFO] 127.0.0.1 - - [22/Mar/2025 20:16:45] "[32mGET / HTTP/1.1[0m" 302 -
2025-03-22 20:16:46,220 [INFO] 127.0.0.1 - - [22/Mar/2025 20:16:46] "GET /admin HTTP/1.1" 200 -
2025-03-22 20:16:51,505 [INFO] 127.0.0.1 - - [22/Mar/2025 20:16:51] "[31m[1mGET / HTTP/1.1[0m" 401 -
2025-03-22 20:16:51,808 [INFO] 127.0.0.1 - - [22/Mar/2025 20:16:51] "[31m[1mGET / HTTP/1.1[0m" 401 -
2025-03-22 20:16:52,886 [INFO] 127.0.0.1 - - [22/Mar/2025 20:16:52] "[31m[1mGET / HTTP/1.1[0m" 401 -
2025-03-22 20:16:53,190 [INFO] 127.0.0.1 - - [22/Mar/2025 20:16:53] "[31m[1mGET / HTTP/1.1[0m" 401 -
2025-03-22 20:16:58,756 [INFO] 127.0.0.1 - - [22/Mar/2025 20:16:58] "[31m[1mGET / HTTP/1.1[0m" 401 -
2025-03-22 20:16:58,757 [INFO] 127.0.0.1 - - [22/Mar/2025 20:16:58] "[31m[1mGET / HTTP/1.1[0m" 401 -
2025-03-22 20:17:01,332 [INFO] 127.0.0.1 - - [22/Mar/2025 20:17:01] "[31m[1mGET / HTTP/1.1[0m" 401 -
2025-03-22 20:17:01,633 [INFO] 127.0.0.1 - - [22/Mar/2025 20:17:01] "[31m[1mGET / HTTP/1.1[0m" 401 -
2025-03-22 20:17:06,838 [INFO] 127.0.0.1 - - [22/Mar/2025 20:17:06] "[31m[1mGET / HTTP/1.1[0m" 401 -
2025-03-22 20:17:06,840 [INFO] 127.0.0.1 - - [22/Mar/2025 20:17:06] "[31m[1mGET / HTTP/1.1[0m" 401 -
2025-03-22 20:17:09,404 [INFO] 127.0.0.1 - - [22/Mar/2025 20:17:09] "[31m[1mGET / HTTP/1.1[0m" 401 -
2025-03-22 20:17:09,707 [INFO] 127.0.0.1 - - [22/Mar/2025 20:17:09] "[31m[1mGET / HTTP/1.1[0m" 401 -
2025-03-22 20:18:22,114 [INFO] Configuration chargée : Config(DATABASE_URL='sqlite:///data.db', DEBUG=True, SECRET_KEY='ma_super_cle_secrete')
2025-03-22 20:18:43,445 [INFO] Configuration chargée : Config(DATABASE_URL='sqlite:///data.db', DEBUG=True, SECRET_KEY='ma_super_cle_secrete')
2025-03-22 20:19:05,187 [INFO] Configuration chargée : Config(DATABASE_URL='sqlite:///data.db', DEBUG=True, SECRET_KEY='ma_super_cle_secrete')
2025-03-22 20:19:05,488 [INFO] Configuration chargée : Config(DATABASE_URL='sqlite:///data.db', DEBUG=True, SECRET_KEY='ma_super_cle_secrete')
2025-03-22 20:19:05,490 [INFO] BEGIN (implicit)
2025-03-22 20:19:05,491 [INFO] PRAGMA main.table_info("profile")
2025-03-22 20:19:05,491 [INFO] [raw sql] ()
2025-03-22 20:19:05,491 [INFO] COMMIT
2025-03-22 20:19:05,498 [INFO] [31m[1mWARNING: This is a development server. Do not use it in a production deployment. Use a production WSGI server instead.[0m
 * Running on http://127.0.0.1:5000
2025-03-22 20:19:05,498 [INFO] [33mPress CTRL+C to quit[0m
2025-03-22 20:19:07,442 [INFO] 127.0.0.1 - - [22/Mar/2025 20:19:07] "[32mGET / HTTP/1.1[0m" 302 -
2025-03-22 20:19:07,517 [INFO] 127.0.0.1 - - [22/Mar/2025 20:19:07] "GET /visitor HTTP/1.1" 200 -
2025-03-22 20:19:11,985 [INFO] 127.0.0.1 - - [22/Mar/2025 20:19:11] "[31m[1mGET /display_create_user HTTP/1.1[0m" 403 -
2025-03-22 20:19:13,688 [INFO] 127.0.0.1 - - [22/Mar/2025 20:19:13] "GET /display_delete_user_page HTTP/1.1" 200 -
2025-03-22 20:19:16,618 [INFO] 127.0.0.1 - - [22/Mar/2025 20:19:16] "[31m[1mPOST /display_delete_user_page HTTP/1.1[0m" 400 -
2025-03-22 20:19:19,634 [INFO] 127.0.0.1 - - [22/Mar/2025 20:19:19] "[31m[1mGET /display_update_user_page HTTP/1.1[0m" 403 -
2025-03-22 20:19:22,882 [INFO] 127.0.0.1 - - [22/Mar/2025 20:19:22] "[31m[1mGET /export_csv HTTP/1.1[0m" 403 -
2025-03-22 20:20:21,916 [INFO] 127.0.0.1 - - [22/Mar/2025 20:20:21] "[31m[1mGET /admin HTTP/1.1[0m" 403 -
2025-03-22 20:20:28,975 [INFO] 127.0.0.1 - - [22/Mar/2025 20:20:28] "[31m[1mGET /admin HTTP/1.1[0m" 403 -
2025-03-22 20:20:43,404 [INFO] 127.0.0.1 - - [22/Mar/2025 20:20:43] "[31m[1mGET / HTTP/1.1[0m" 401 -
2025-03-22 20:20:43,654 [INFO] 127.0.0.1 - - [22/Mar/2025 20:20:43] "[31m[1mGET / HTTP/1.1[0m" 401 -
2025-03-22 20:20:43,706 [INFO] 127.0.0.1 - - [22/Mar/2025 20:20:43] "[31m[1mGET / HTTP/1.1[0m" 401 -
2025-03-22 20:20:43,961 [INFO] 127.0.0.1 - - [22/Mar/2025 20:20:43] "[31m[1mGET / HTTP/1.1[0m" 401 -
2025-03-22 20:20:46,395 [INFO] 127.0.0.1 - - [22/Mar/2025 20:20:46] "[31m[1mGET / HTTP/1.1[0m" 401 -
2025-03-22 20:20:46,695 [INFO] 127.0.0.1 - - [22/Mar/2025 20:20:46] "[31m[1mGET / HTTP/1.1[0m" 401 -
2025-03-22 20:22:29,666 [INFO] Configuration chargée : Config(DATABASE_URL='sqlite:///data.db', DEBUG=True, SECRET_KEY='ma_super_cle_secrete')
2025-03-22 20:22:29,968 [INFO] Configuration chargée : Config(DATABASE_URL='sqlite:///data.db', DEBUG=True, SECRET_KEY='ma_super_cle_secrete')
2025-03-22 20:22:29,970 [INFO] BEGIN (implicit)
2025-03-22 20:22:29,970 [INFO] PRAGMA main.table_info("profile")
2025-03-22 20:22:29,970 [INFO] [raw sql] ()
2025-03-22 20:22:29,971 [INFO] COMMIT
2025-03-22 20:22:29,978 [INFO] [31m[1mWARNING: This is a development server. Do not use it in a production deployment. Use a production WSGI server instead.[0m
 * Running on http://127.0.0.1:5000
2025-03-22 20:22:29,979 [INFO] [33mPress CTRL+C to quit[0m
2025-03-22 20:22:33,319 [INFO] 127.0.0.1 - - [22/Mar/2025 20:22:33] "[31m[1mGET / HTTP/1.1[0m" 401 -
2025-03-22 20:22:33,320 [INFO] 127.0.0.1 - - [22/Mar/2025 20:22:33] "[31m[1mGET / HTTP/1.1[0m" 401 -
2025-03-22 20:22:33,874 [INFO] 127.0.0.1 - - [22/Mar/2025 20:22:33] "[31m[1mGET / HTTP/1.1[0m" 401 -
2025-03-22 20:22:37,088 [INFO] 127.0.0.1 - - [22/Mar/2025 20:22:37] "[32mGET / HTTP/1.1[0m" 302 -
2025-03-22 20:22:37,407 [INFO] 127.0.0.1 - - [22/Mar/2025 20:22:37] "GET /admin HTTP/1.1" 200 -
2025-03-22 20:22:50,762 [INFO] 127.0.0.1 - - [22/Mar/2025 20:22:50] "[32mGET / HTTP/1.1[0m" 302 -
2025-03-22 20:22:50,836 [INFO] 127.0.0.1 - - [22/Mar/2025 20:22:50] "GET /admin HTTP/1.1" 200 -
2025-03-22 20:22:57,663 [INFO] 127.0.0.1 - - [22/Mar/2025 20:22:57] "[31m[1mGET / HTTP/1.1[0m" 401 -
2025-03-22 20:22:57,967 [INFO] 127.0.0.1 - - [22/Mar/2025 20:22:57] "[31m[1mGET / HTTP/1.1[0m" 401 -
2025-03-22 20:22:58,218 [INFO] 127.0.0.1 - - [22/Mar/2025 20:22:58] "[31m[1mGET / HTTP/1.1[0m" 401 -
2025-03-22 20:22:58,511 [INFO] 127.0.0.1 - - [22/Mar/2025 20:22:58] "[31m[1mGET / HTTP/1.1[0m" 401 -
2025-03-22 20:23:01,052 [INFO] 127.0.0.1 - - [22/Mar/2025 20:23:01] "[31m[1mGET / HTTP/1.1[0m" 401 -
2025-03-22 20:23:01,353 [INFO] 127.0.0.1 - - [22/Mar/2025 20:23:01] "[31m[1mGET / HTTP/1.1[0m" 401 -
2025-03-22 20:23:05,674 [INFO] 127.0.0.1 - - [22/Mar/2025 20:23:05] "[32mGET / HTTP/1.1[0m" 302 -
2025-03-22 20:23:05,748 [INFO] 127.0.0.1 - - [22/Mar/2025 20:23:05] "GET /visitor HTTP/1.1" 200 -
2025-03-22 20:23:25,321 [INFO] 127.0.0.1 - - [22/Mar/2025 20:23:25] "[31m[1mGET / HTTP/1.1[0m" 401 -
2025-03-22 20:23:27,727 [INFO] 127.0.0.1 - - [22/Mar/2025 20:23:27] "[31m[1mGET / HTTP/1.1[0m" 401 -
2025-03-22 20:23:27,731 [INFO] 127.0.0.1 - - [22/Mar/2025 20:23:27] "[31m[1mGET / HTTP/1.1[0m" 401 -
2025-03-22 20:23:28,034 [INFO] 127.0.0.1 - - [22/Mar/2025 20:23:28] "[31m[1mGET / HTTP/1.1[0m" 401 -
2025-03-22 20:26:21,208 [INFO] Configuration chargée : Config(DATABASE_URL='sqlite:///data.db', DEBUG=True, SECRET_KEY='ma_super_cle_secrete')
2025-03-22 20:26:21,499 [INFO] Configuration chargée : Config(DATABASE_URL='sqlite:///data.db', DEBUG=True, SECRET_KEY='ma_super_cle_secrete')
2025-03-22 20:26:21,502 [INFO] BEGIN (implicit)
2025-03-22 20:26:21,502 [INFO] PRAGMA main.table_info("profile")
2025-03-22 20:26:21,502 [INFO] [raw sql] ()
2025-03-22 20:26:21,502 [INFO] COMMIT
2025-03-22 20:26:21,510 [INFO] [31m[1mWARNING: This is a development server. Do not use it in a production deployment. Use a production WSGI server instead.[0m
 * Running on http://127.0.0.1:5000
2025-03-22 20:26:21,510 [INFO] [33mPress CTRL+C to quit[0m
2025-03-22 20:26:31,374 [INFO] 127.0.0.1 - - [22/Mar/2025 20:26:31] "[31m[1mGET / HTTP/1.1[0m" 401 -
2025-03-22 20:26:34,944 [INFO] 127.0.0.1 - - [22/Mar/2025 20:26:34] "[32mGET / HTTP/1.1[0m" 302 -
2025-03-22 20:26:35,250 [INFO] 127.0.0.1 - - [22/Mar/2025 20:26:35] "GET /visitor HTTP/1.1" 200 -
2025-03-22 20:27:17,064 [INFO] Configuration chargée : Config(DATABASE_URL='sqlite:///data.db', DEBUG=True, SECRET_KEY='ma_super_cle_secrete')
2025-03-22 20:27:17,364 [INFO] Configuration chargée : Config(DATABASE_URL='sqlite:///data.db', DEBUG=True, SECRET_KEY='ma_super_cle_secrete')
2025-03-22 20:27:17,367 [INFO] BEGIN (implicit)
2025-03-22 20:27:17,367 [INFO] PRAGMA main.table_info("profile")
2025-03-22 20:27:17,367 [INFO] [raw sql] ()
2025-03-22 20:27:17,368 [INFO] COMMIT
2025-03-22 20:27:17,376 [INFO] [31m[1mWARNING: This is a development server. Do not use it in a production deployment. Use a production WSGI server instead.[0m
 * Running on http://127.0.0.1:5000
2025-03-22 20:27:17,376 [INFO] [33mPress CTRL+C to quit[0m
2025-03-22 20:27:20,341 [INFO] 127.0.0.1 - - [22/Mar/2025 20:27:20] "[35m[1mGET /visitor HTTP/1.1[0m" 500 -
2025-03-22 20:27:22,463 [INFO] 127.0.0.1 - - [22/Mar/2025 20:27:22] "[35m[1mGET / HTTP/1.1[0m" 500 -
2025-03-22 20:27:22,636 [INFO] 127.0.0.1 - - [22/Mar/2025 20:27:22] "[35m[1mGET / HTTP/1.1[0m" 500 -
2025-03-22 20:27:35,529 [INFO] Configuration chargée : Config(DATABASE_URL='sqlite:///data.db', DEBUG=True, SECRET_KEY='ma_super_cle_secrete')
2025-03-22 20:27:35,820 [INFO] Configuration chargée : Config(DATABASE_URL='sqlite:///data.db', DEBUG=True, SECRET_KEY='ma_super_cle_secrete')
2025-03-22 20:27:35,822 [INFO] BEGIN (implicit)
2025-03-22 20:27:35,822 [INFO] PRAGMA main.table_info("profile")
2025-03-22 20:27:35,822 [INFO] [raw sql] ()
2025-03-22 20:27:35,823 [INFO] COMMIT
2025-03-22 20:27:35,830 [INFO] [31m[1mWARNING: This is a development server. Do not use it in a production deployment. Use a production WSGI server instead.[0m
 * Running on http://127.0.0.1:5000
2025-03-22 20:27:35,830 [INFO] [33mPress CTRL+C to quit[0m
2025-03-22 20:27:37,861 [INFO] 127.0.0.1 - - [22/Mar/2025 20:27:37] "[32mGET / HTTP/1.1[0m" 302 -
2025-03-22 20:27:37,936 [INFO] 127.0.0.1 - - [22/Mar/2025 20:27:37] "GET /visitor HTTP/1.1" 200 -
2025-03-22 20:27:47,050 [INFO] 127.0.0.1 - - [22/Mar/2025 20:27:47] "[31m[1mGET / HTTP/1.1[0m" 401 -
2025-03-22 20:27:47,302 [INFO] 127.0.0.1 - - [22/Mar/2025 20:27:47] "[31m[1mGET / HTTP/1.1[0m" 401 -
2025-03-22 20:27:47,353 [INFO] 127.0.0.1 - - [22/Mar/2025 20:27:47] "[31m[1mGET / HTTP/1.1[0m" 401 -
2025-03-22 20:27:47,607 [INFO] 127.0.0.1 - - [22/Mar/2025 20:27:47] "[31m[1mGET / HTTP/1.1[0m" 401 -
2025-03-22 20:27:50,787 [INFO] 127.0.0.1 - - [22/Mar/2025 20:27:50] "[31m[1mGET / HTTP/1.1[0m" 401 -
2025-03-22 20:27:51,088 [INFO] 127.0.0.1 - - [22/Mar/2025 20:27:51] "[31m[1mGET / HTTP/1.1[0m" 401 -
2025-03-22 20:27:56,502 [INFO] 127.0.0.1 - - [22/Mar/2025 20:27:56] "[31m[1mGET / HTTP/1.1[0m" 401 -
2025-03-22 20:27:56,504 [INFO] 127.0.0.1 - - [22/Mar/2025 20:27:56] "[31m[1mGET / HTTP/1.1[0m" 401 -
2025-03-22 20:27:58,776 [INFO] 127.0.0.1 - - [22/Mar/2025 20:27:58] "[31m[1mGET / HTTP/1.1[0m" 401 -
2025-03-22 20:27:59,077 [INFO] 127.0.0.1 - - [22/Mar/2025 20:27:59] "[31m[1mGET / HTTP/1.1[0m" 401 -
2025-03-22 20:29:12,470 [INFO] 127.0.0.1 - - [22/Mar/2025 20:29:12] "[31m[1mGET / HTTP/1.1[0m" 401 -
2025-03-22 20:29:15,033 [INFO] 127.0.0.1 - - [22/Mar/2025 20:29:15] "[32mGET / HTTP/1.1[0m" 302 -
2025-03-22 20:29:15,117 [INFO] 127.0.0.1 - - [22/Mar/2025 20:29:15] "GET /admin HTTP/1.1" 200 -
2025-03-22 20:29:15,152 [INFO] 127.0.0.1 - - [22/Mar/2025 20:29:15] "[33mGET /favicon.ico HTTP/1.1[0m" 404 -
2025-03-22 20:29:24,932 [INFO] 127.0.0.1 - - [22/Mar/2025 20:29:24] "[32mGET / HTTP/1.1[0m" 302 -
2025-03-22 20:29:25,020 [INFO] 127.0.0.1 - - [22/Mar/2025 20:29:25] "GET /admin HTTP/1.1" 200 -
2025-03-22 20:29:25,037 [INFO] 127.0.0.1 - - [22/Mar/2025 20:29:25] "[33mGET /favicon.ico HTTP/1.1[0m" 404 -
2025-03-22 20:29:38,900 [INFO] 127.0.0.1 - - [22/Mar/2025 20:29:38] "[31m[1mGET / HTTP/1.1[0m" 401 -
2025-03-22 20:29:38,902 [INFO] 127.0.0.1 - - [22/Mar/2025 20:29:38] "[31m[1mGET / HTTP/1.1[0m" 401 -
2025-03-22 20:29:41,050 [INFO] 127.0.0.1 - - [22/Mar/2025 20:29:41] "[31m[1mGET / HTTP/1.1[0m" 401 -
2025-03-22 20:29:43,868 [INFO] 127.0.0.1 - - [22/Mar/2025 20:29:43] "[32mGET / HTTP/1.1[0m" 302 -
2025-03-22 20:29:43,871 [INFO] 127.0.0.1 - - [22/Mar/2025 20:29:43] "[31m[1mGET /admin HTTP/1.1[0m" 401 -
2025-03-22 20:29:47,287 [INFO] 127.0.0.1 - - [22/Mar/2025 20:29:47] "GET /admin HTTP/1.1" 200 -
2025-03-22 20:29:47,313 [INFO] 127.0.0.1 - - [22/Mar/2025 20:29:47] "[33mGET /favicon.ico HTTP/1.1[0m" 404 -
2025-03-22 20:29:50,769 [INFO] 127.0.0.1 - - [22/Mar/2025 20:29:50] "[31m[1mGET / HTTP/1.1[0m" 401 -
2025-03-22 20:29:54,954 [INFO] 127.0.0.1 - - [22/Mar/2025 20:29:54] "[32mGET / HTTP/1.1[0m" 302 -
2025-03-22 20:29:54,957 [INFO] 127.0.0.1 - - [22/Mar/2025 20:29:54] "[31m[1mGET /visitor HTTP/1.1[0m" 401 -
2025-03-22 20:29:57,846 [INFO] 127.0.0.1 - - [22/Mar/2025 20:29:57] "GET /visitor HTTP/1.1" 200 -
2025-03-22 20:29:57,865 [INFO] 127.0.0.1 - - [22/Mar/2025 20:29:57] "[33mGET /favicon.ico HTTP/1.1[0m" 404 -
2025-03-22 20:29:59,632 [INFO] 127.0.0.1 - - [22/Mar/2025 20:29:59] "[31m[1mGET /visitor HTTP/1.1[0m" 401 -
2025-03-22 20:30:21,960 [INFO] Configuration chargée : Config(DATABASE_URL='sqlite:///data.db', DEBUG=True, SECRET_KEY='ma_super_cle_secrete')
2025-03-22 20:30:22,260 [INFO] Configuration chargée : Config(DATABASE_URL='sqlite:///data.db', DEBUG=True, SECRET_KEY='ma_super_cle_secrete')
2025-03-22 20:30:22,262 [INFO] BEGIN (implicit)
2025-03-22 20:30:22,262 [INFO] PRAGMA main.table_info("profile")
2025-03-22 20:30:22,262 [INFO] [raw sql] ()
2025-03-22 20:30:22,263 [INFO] COMMIT
2025-03-22 20:30:22,270 [INFO] [31m[1mWARNING: This is a development server. Do not use it in a production deployment. Use a production WSGI server instead.[0m
 * Running on http://127.0.0.1:5000
2025-03-22 20:30:22,270 [INFO] [33mPress CTRL+C to quit[0m
2025-03-22 20:30:22,296 [INFO] 127.0.0.1 - - [22/Mar/2025 20:30:22] "[31m[1mGET / HTTP/1.1[0m" 401 -
2025-03-22 20:30:22,298 [INFO] 127.0.0.1 - - [22/Mar/2025 20:30:22] "[31m[1mGET / HTTP/1.1[0m" 401 -
2025-03-22 20:30:26,970 [INFO] 127.0.0.1 - - [22/Mar/2025 20:30:26] "[32mGET / HTTP/1.1[0m" 302 -
2025-03-22 20:30:26,976 [INFO] 127.0.0.1 - - [22/Mar/2025 20:30:26] "[31m[1mGET /visitor HTTP/1.1[0m" 401 -
2025-03-22 20:30:44,444 [INFO] Configuration chargée : Config(DATABASE_URL='sqlite:///data.db', DEBUG=True, SECRET_KEY='ma_super_cle_secrete')
2025-03-22 20:30:44,745 [INFO] Configuration chargée : Config(DATABASE_URL='sqlite:///data.db', DEBUG=True, SECRET_KEY='ma_super_cle_secrete')
2025-03-22 20:30:44,748 [INFO] BEGIN (implicit)
2025-03-22 20:30:44,748 [INFO] PRAGMA main.table_info("profile")
2025-03-22 20:30:44,748 [INFO] [raw sql] ()
2025-03-22 20:30:44,749 [INFO] COMMIT
2025-03-22 20:30:44,756 [INFO] [31m[1mWARNING: This is a development server. Do not use it in a production deployment. Use a production WSGI server instead.[0m
 * Running on http://127.0.0.1:5000
2025-03-22 20:30:44,756 [INFO] [33mPress CTRL+C to quit[0m
2025-03-22 20:30:53,178 [INFO] 127.0.0.1 - - [22/Mar/2025 20:30:53] "[31m[1mGET / HTTP/1.1[0m" 401 -
2025-03-22 20:30:55,623 [INFO] 127.0.0.1 - - [22/Mar/2025 20:30:55] "[32mGET / HTTP/1.1[0m" 302 -
2025-03-22 20:30:55,626 [INFO] 127.0.0.1 - - [22/Mar/2025 20:30:55] "[31m[1mGET /visitor HTTP/1.1[0m" 401 -
2025-03-22 20:30:58,068 [INFO] 127.0.0.1 - - [22/Mar/2025 20:30:58] "GET /visitor HTTP/1.1" 200 -
2025-03-22 20:30:58,100 [INFO] 127.0.0.1 - - [22/Mar/2025 20:30:58] "[33mGET /favicon.ico HTTP/1.1[0m" 404 -
2025-03-22 20:31:04,166 [INFO] 127.0.0.1 - - [22/Mar/2025 20:31:04] "[31m[1mGET / HTTP/1.1[0m" 401 -
2025-03-22 20:31:06,298 [INFO] 127.0.0.1 - - [22/Mar/2025 20:31:06] "[32mGET / HTTP/1.1[0m" 302 -
2025-03-22 20:31:06,302 [INFO] 127.0.0.1 - - [22/Mar/2025 20:31:06] "[31m[1mGET /admin HTTP/1.1[0m" 401 -
2025-03-22 20:31:08,589 [INFO] 127.0.0.1 - - [22/Mar/2025 20:31:08] "GET /admin HTTP/1.1" 200 -
2025-03-22 20:31:08,608 [INFO] 127.0.0.1 - - [22/Mar/2025 20:31:08] "[33mGET /favicon.ico HTTP/1.1[0m" 404 -
2025-03-22 20:31:41,616 [INFO] 127.0.0.1 - - [22/Mar/2025 20:31:41] "[31m[1mGET / HTTP/1.1[0m" 401 -
2025-03-22 20:31:41,618 [INFO] 127.0.0.1 - - [22/Mar/2025 20:31:41] "[31m[1mGET / HTTP/1.1[0m" 401 -
2025-03-22 20:31:44,031 [INFO] 127.0.0.1 - - [22/Mar/2025 20:31:44] "[31m[1mGET / HTTP/1.1[0m" 401 -
2025-03-22 20:31:44,331 [INFO] 127.0.0.1 - - [22/Mar/2025 20:31:44] "[31m[1mGET / HTTP/1.1[0m" 401 -
2025-03-22 20:31:45,986 [INFO] 127.0.0.1 - - [22/Mar/2025 20:31:45] "[31m[1mGET / HTTP/1.1[0m" 401 -
2025-03-22 20:31:45,987 [INFO] 127.0.0.1 - - [22/Mar/2025 20:31:45] "[31m[1mGET / HTTP/1.1[0m" 401 -
2025-03-22 20:31:47,581 [INFO] 127.0.0.1 - - [22/Mar/2025 20:31:47] "[31m[1mGET / HTTP/1.1[0m" 401 -
2025-03-22 20:31:47,882 [INFO] 127.0.0.1 - - [22/Mar/2025 20:31:47] "[31m[1mGET / HTTP/1.1[0m" 401 -
2025-03-22 20:31:49,903 [INFO] 127.0.0.1 - - [22/Mar/2025 20:31:49] "[31m[1mGET / HTTP/1.1[0m" 401 -
2025-03-22 20:31:49,904 [INFO] 127.0.0.1 - - [22/Mar/2025 20:31:49] "[31m[1mGET / HTTP/1.1[0m" 401 -
2025-03-22 20:31:51,696 [INFO] 127.0.0.1 - - [22/Mar/2025 20:31:51] "[31m[1mGET / HTTP/1.1[0m" 401 -
2025-03-22 20:31:51,998 [INFO] 127.0.0.1 - - [22/Mar/2025 20:31:51] "[31m[1mGET / HTTP/1.1[0m" 401 -
2025-03-22 20:50:13,815 [INFO] Configuration chargée : Config(DATABASE_URL='sqlite:///data.db', DEBUG=True, SECRET_KEY='ma_super_cle_secrete')
2025-03-22 20:50:14,115 [INFO] Configuration chargée : Config(DATABASE_URL='sqlite:///data.db', DEBUG=True, SECRET_KEY='ma_super_cle_secrete')
2025-03-22 20:50:14,117 [INFO] BEGIN (implicit)
2025-03-22 20:50:14,117 [INFO] PRAGMA main.table_info("profile")
2025-03-22 20:50:14,117 [INFO] [raw sql] ()
2025-03-22 20:50:14,118 [INFO] COMMIT
2025-03-22 20:50:14,125 [INFO] [31m[1mWARNING: This is a development server. Do not use it in a production deployment. Use a production WSGI server instead.[0m
 * Running on http://127.0.0.1:5000
2025-03-22 20:50:14,125 [INFO] [33mPress CTRL+C to quit[0m
2025-03-22 20:50:14,258 [INFO] 127.0.0.1 - - [22/Mar/2025 20:50:14] "[31m[1mGET / HTTP/1.1[0m" 401 -
2025-03-22 20:50:14,508 [INFO] 127.0.0.1 - - [22/Mar/2025 20:50:14] "[31m[1mGET / HTTP/1.1[0m" 401 -
2025-03-22 20:50:17,111 [INFO] 127.0.0.1 - - [22/Mar/2025 20:50:17] "[31m[1mGET / HTTP/1.1[0m" 401 -
2025-03-22 20:50:17,412 [INFO] 127.0.0.1 - - [22/Mar/2025 20:50:17] "[31m[1mGET / HTTP/1.1[0m" 401 -
2025-03-22 20:50:19,268 [INFO] 127.0.0.1 - - [22/Mar/2025 20:50:19] "[31m[1mGET / HTTP/1.1[0m" 401 -
2025-03-22 20:50:19,269 [INFO] 127.0.0.1 - - [22/Mar/2025 20:50:19] "[31m[1mGET / HTTP/1.1[0m" 401 -
2025-03-22 20:50:20,663 [INFO] 127.0.0.1 - - [22/Mar/2025 20:50:20] "[31m[1mGET / HTTP/1.1[0m" 401 -
2025-03-22 20:50:20,964 [INFO] 127.0.0.1 - - [22/Mar/2025 20:50:20] "[31m[1mGET / HTTP/1.1[0m" 401 -
2025-03-22 20:50:23,024 [INFO] 127.0.0.1 - - [22/Mar/2025 20:50:23] "[31m[1mGET / HTTP/1.1[0m" 401 -
2025-03-22 20:50:23,025 [INFO] 127.0.0.1 - - [22/Mar/2025 20:50:23] "[31m[1mGET / HTTP/1.1[0m" 401 -
2025-03-22 20:50:53,798 [INFO] Configuration chargée : Config(DATABASE_URL='sqlite:///data.db', DEBUG=True, SECRET_KEY='ma_super_cle_secrete')
2025-03-22 20:50:54,105 [INFO] Configuration chargée : Config(DATABASE_URL='sqlite:///data.db', DEBUG=True, SECRET_KEY='ma_super_cle_secrete')
2025-03-22 20:50:54,108 [INFO] BEGIN (implicit)
2025-03-22 20:50:54,108 [INFO] PRAGMA main.table_info("profile")
2025-03-22 20:50:54,108 [INFO] [raw sql] ()
2025-03-22 20:50:54,108 [INFO] COMMIT
2025-03-22 20:50:54,116 [INFO] [31m[1mWARNING: This is a development server. Do not use it in a production deployment. Use a production WSGI server instead.[0m
 * Running on http://127.0.0.1:5000
2025-03-22 20:50:54,116 [INFO] [33mPress CTRL+C to quit[0m
2025-03-22 20:50:57,960 [INFO] 127.0.0.1 - - [22/Mar/2025 20:50:57] "[31m[1mGET / HTTP/1.1[0m" 401 -
2025-03-22 20:50:57,961 [INFO] 127.0.0.1 - - [22/Mar/2025 20:50:57] "[31m[1mGET / HTTP/1.1[0m" 401 -
2025-03-22 20:51:52,158 [INFO] Configuration chargée : Config(DATABASE_URL='sqlite:///data.db', DEBUG=True, SECRET_KEY='ma_super_cle_secrete')
2025-03-22 20:51:52,461 [INFO] Configuration chargée : Config(DATABASE_URL='sqlite:///data.db', DEBUG=True, SECRET_KEY='ma_super_cle_secrete')
2025-03-22 20:51:52,464 [INFO] BEGIN (implicit)
2025-03-22 20:51:52,464 [INFO] PRAGMA main.table_info("profile")
2025-03-22 20:51:52,464 [INFO] [raw sql] ()
2025-03-22 20:51:52,464 [INFO] COMMIT
2025-03-22 20:51:52,472 [INFO] [31m[1mWARNING: This is a development server. Do not use it in a production deployment. Use a production WSGI server instead.[0m
 * Running on http://127.0.0.1:5000
2025-03-22 20:51:52,472 [INFO] [33mPress CTRL+C to quit[0m
2025-03-22 20:51:52,694 [INFO] 127.0.0.1 - - [22/Mar/2025 20:51:52] "[31m[1mGET / HTTP/1.1[0m" 401 -
2025-03-22 20:51:52,696 [INFO] 127.0.0.1 - - [22/Mar/2025 20:51:52] "[31m[1mGET / HTTP/1.1[0m" 401 -
2025-03-22 20:51:57,293 [INFO] 127.0.0.1 - - [22/Mar/2025 20:51:57] "[31m[1mGET / HTTP/1.1[0m" 401 -
2025-03-22 20:51:57,595 [INFO] 127.0.0.1 - - [22/Mar/2025 20:51:57] "[31m[1mGET / HTTP/1.1[0m" 401 -
2025-03-22 20:51:59,985 [INFO] 127.0.0.1 - - [22/Mar/2025 20:51:59] "[31m[1mGET / HTTP/1.1[0m" 401 -
2025-03-22 20:51:59,986 [INFO] 127.0.0.1 - - [22/Mar/2025 20:51:59] "[31m[1mGET / HTTP/1.1[0m" 401 -
2025-03-22 20:55:56,192 [INFO] Configuration chargée : Config(DATABASE_URL='sqlite:///data.db', DEBUG=True, SECRET_KEY='ma_super_cle_secrete')
2025-03-22 20:55:56,489 [INFO] Configuration chargée : Config(DATABASE_URL='sqlite:///data.db', DEBUG=True, SECRET_KEY='ma_super_cle_secrete')
2025-03-22 20:55:56,491 [INFO] BEGIN (implicit)
2025-03-22 20:55:56,491 [INFO] PRAGMA main.table_info("profile")
2025-03-22 20:55:56,491 [INFO] [raw sql] ()
2025-03-22 20:55:56,492 [INFO] COMMIT
2025-03-22 20:55:56,499 [INFO] [31m[1mWARNING: This is a development server. Do not use it in a production deployment. Use a production WSGI server instead.[0m
 * Running on http://127.0.0.1:5000
2025-03-22 20:55:56,499 [INFO] [33mPress CTRL+C to quit[0m
2025-03-22 20:55:58,033 [INFO] 127.0.0.1 - - [22/Mar/2025 20:55:58] "[31m[1mGET / HTTP/1.1[0m" 401 -
2025-03-22 20:55:58,035 [INFO] 127.0.0.1 - - [22/Mar/2025 20:55:58] "[31m[1mGET / HTTP/1.1[0m" 401 -
2025-03-22 20:55:58,926 [INFO] 127.0.0.1 - - [22/Mar/2025 20:55:58] "[31m[1mGET / HTTP/1.1[0m" 401 -
2025-03-22 20:55:59,228 [INFO] 127.0.0.1 - - [22/Mar/2025 20:55:59] "[31m[1mGET / HTTP/1.1[0m" 401 -
2025-03-22 20:55:59,531 [INFO] 127.0.0.1 - - [22/Mar/2025 20:55:59] "[31m[1mGET / HTTP/1.1[0m" 401 -
2025-03-22 20:55:59,783 [INFO] 127.0.0.1 - - [22/Mar/2025 20:55:59] "[31m[1mGET / HTTP/1.1[0m" 401 -
2025-03-22 20:56:00,411 [INFO] 127.0.0.1 - - [22/Mar/2025 20:56:00] "[32mGET / HTTP/1.1[0m" 302 -
2025-03-22 20:56:00,787 [INFO] 127.0.0.1 - - [22/Mar/2025 20:56:00] "GET /admin HTTP/1.1" 200 -
2025-03-22 20:56:02,651 [INFO] 127.0.0.1 - - [22/Mar/2025 20:56:02] "[31m[1mGET / HTTP/1.1[0m" 401 -
2025-03-22 20:56:02,952 [INFO] 127.0.0.1 - - [22/Mar/2025 20:56:02] "[31m[1mGET / HTTP/1.1[0m" 401 -
2025-03-22 20:56:05,716 [INFO] 127.0.0.1 - - [22/Mar/2025 20:56:05] "[31m[1mGET / HTTP/1.1[0m" 401 -
2025-03-22 20:56:05,717 [INFO] 127.0.0.1 - - [22/Mar/2025 20:56:05] "[31m[1mGET / HTTP/1.1[0m" 401 -
2025-03-22 20:56:46,626 [INFO] Configuration chargée : Config(DATABASE_URL='sqlite:///data.db', DEBUG=True, SECRET_KEY='ma_super_cle_secrete')
2025-03-22 20:56:46,997 [INFO] Configuration chargée : Config(DATABASE_URL='sqlite:///data.db', DEBUG=True, SECRET_KEY='ma_super_cle_secrete')
2025-03-22 20:56:46,999 [INFO] BEGIN (implicit)
2025-03-22 20:56:46,999 [INFO] PRAGMA main.table_info("profile")
2025-03-22 20:56:47,000 [INFO] [raw sql] ()
2025-03-22 20:56:47,000 [INFO] COMMIT
2025-03-22 20:56:47,007 [INFO] [31m[1mWARNING: This is a development server. Do not use it in a production deployment. Use a production WSGI server instead.[0m
 * Running on http://127.0.0.1:5000
2025-03-22 20:56:47,007 [INFO] [33mPress CTRL+C to quit[0m
2025-03-22 20:56:50,263 [INFO] 127.0.0.1 - - [22/Mar/2025 20:56:50] "[31m[1mGET / HTTP/1.1[0m" 401 -
2025-03-22 20:56:50,333 [INFO] 127.0.0.1 - - [22/Mar/2025 20:56:50] "[32mGET / HTTP/1.1[0m" 302 -
2025-03-22 20:56:50,514 [INFO] 127.0.0.1 - - [22/Mar/2025 20:56:50] "[31m[1mGET /visitor HTTP/1.1[0m" 401 -
2025-03-22 20:56:50,888 [INFO] 127.0.0.1 - - [22/Mar/2025 20:56:50] "GET /visitor HTTP/1.1" 200 -
2025-03-22 20:56:53,339 [INFO] 127.0.0.1 - - [22/Mar/2025 20:56:53] "[32mGET / HTTP/1.1[0m" 302 -
2025-03-22 20:56:53,709 [INFO] 127.0.0.1 - - [22/Mar/2025 20:56:53] "GET /admin HTTP/1.1" 200 -
2025-03-22 20:56:58,155 [INFO] 127.0.0.1 - - [22/Mar/2025 20:56:58] "[31m[1mGET / HTTP/1.1[0m" 401 -
2025-03-22 20:56:58,224 [INFO] 127.0.0.1 - - [22/Mar/2025 20:56:58] "[32mGET / HTTP/1.1[0m" 302 -
2025-03-22 20:56:58,405 [INFO] 127.0.0.1 - - [22/Mar/2025 20:56:58] "[31m[1mGET /visitor HTTP/1.1[0m" 401 -
2025-03-22 20:56:58,776 [INFO] 127.0.0.1 - - [22/Mar/2025 20:56:58] "GET /visitor HTTP/1.1" 200 -
2025-03-22 20:56:58,963 [INFO] 127.0.0.1 - - [22/Mar/2025 20:56:58] "[33mGET /favicon.ico HTTP/1.1[0m" 404 -
2025-03-22 20:57:06,636 [INFO] 127.0.0.1 - - [22/Mar/2025 20:57:06] "[31m[1mGET / HTTP/1.1[0m" 401 -
2025-03-22 20:57:07,006 [INFO] 127.0.0.1 - - [22/Mar/2025 20:57:07] "[32mGET / HTTP/1.1[0m" 302 -
2025-03-22 20:57:07,311 [INFO] 127.0.0.1 - - [22/Mar/2025 20:57:07] "[31m[1mGET /visitor HTTP/1.1[0m" 401 -
2025-03-22 20:57:07,630 [INFO] 127.0.0.1 - - [22/Mar/2025 20:57:07] "GET /visitor HTTP/1.1" 200 -
2025-03-22 20:57:10,811 [INFO] 127.0.0.1 - - [22/Mar/2025 20:57:10] "[31m[1mGET / HTTP/1.1[0m" 401 -
2025-03-22 20:57:11,181 [INFO] 127.0.0.1 - - [22/Mar/2025 20:57:11] "[32mGET / HTTP/1.1[0m" 302 -
2025-03-22 20:57:11,185 [INFO] 127.0.0.1 - - [22/Mar/2025 20:57:11] "[31m[1mGET /visitor HTTP/1.1[0m" 401 -
2025-03-22 20:57:11,431 [INFO] 127.0.0.1 - - [22/Mar/2025 20:57:11] "GET /visitor HTTP/1.1" 200 -
2025-03-22 20:57:13,590 [INFO] 127.0.0.1 - - [22/Mar/2025 20:57:13] "[31m[1mGET / HTTP/1.1[0m" 401 -
2025-03-22 20:57:13,661 [INFO] 127.0.0.1 - - [22/Mar/2025 20:57:13] "[32mGET / HTTP/1.1[0m" 302 -
2025-03-22 20:57:13,842 [INFO] 127.0.0.1 - - [22/Mar/2025 20:57:13] "[31m[1mGET /visitor HTTP/1.1[0m" 401 -
2025-03-22 20:57:14,034 [INFO] 127.0.0.1 - - [22/Mar/2025 20:57:14] "GET /visitor HTTP/1.1" 200 -
2025-03-22 21:00:28,857 [INFO] Configuration chargée : Config(DATABASE_URL='sqlite:///data.db', DEBUG=True, SECRET_KEY='ma_super_cle_secrete')
2025-03-22 21:00:29,232 [INFO] Configuration chargée : Config(DATABASE_URL='sqlite:///data.db', DEBUG=True, SECRET_KEY='ma_super_cle_secrete')
2025-03-22 21:00:29,234 [INFO] BEGIN (implicit)
2025-03-22 21:00:29,234 [INFO] PRAGMA main.table_info("profile")
2025-03-22 21:00:29,234 [INFO] [raw sql] ()
2025-03-22 21:00:29,235 [INFO] COMMIT
2025-03-22 21:00:29,242 [INFO] [31m[1mWARNING: This is a development server. Do not use it in a production deployment. Use a production WSGI server instead.[0m
 * Running on http://127.0.0.1:5000
2025-03-22 21:00:29,242 [INFO] [33mPress CTRL+C to quit[0m
2025-03-22 21:00:30,202 [INFO] 127.0.0.1 - - [22/Mar/2025 21:00:30] "[31m[1mGET /visitor HTTP/1.1[0m" 401 -
2025-03-22 21:00:30,275 [INFO] 127.0.0.1 - - [22/Mar/2025 21:00:30] "GET /visitor HTTP/1.1" 200 -
2025-03-22 21:00:31,555 [INFO] 127.0.0.1 - - [22/Mar/2025 21:00:31] "[31m[1mGET /display_create_user HTTP/1.1[0m" 401 -
2025-03-22 21:00:31,927 [INFO] 127.0.0.1 - - [22/Mar/2025 21:00:31] "[31m[1mGET /display_create_user HTTP/1.1[0m" 403 -
2025-03-22 21:00:57,214 [INFO] Configuration chargée : Config(DATABASE_URL='sqlite:///data.db', DEBUG=True, SECRET_KEY='ma_super_cle_secrete')
2025-03-22 21:00:57,514 [INFO] Configuration chargée : Config(DATABASE_URL='sqlite:///data.db', DEBUG=True, SECRET_KEY='ma_super_cle_secrete')
2025-03-22 21:00:57,516 [INFO] BEGIN (implicit)
2025-03-22 21:00:57,516 [INFO] PRAGMA main.table_info("profile")
2025-03-22 21:00:57,516 [INFO] [raw sql] ()
2025-03-22 21:00:57,517 [INFO] COMMIT
2025-03-22 21:00:57,524 [INFO] [31m[1mWARNING: This is a development server. Do not use it in a production deployment. Use a production WSGI server instead.[0m
 * Running on http://127.0.0.1:5000
2025-03-22 21:00:57,524 [INFO] [33mPress CTRL+C to quit[0m
2025-03-22 21:01:00,667 [INFO] 127.0.0.1 - - [22/Mar/2025 21:01:00] "[31m[1mGET /visitor HTTP/1.1[0m" 401 -
2025-03-22 21:01:00,669 [INFO] 127.0.0.1 - - [22/Mar/2025 21:01:00] "[31m[1mGET /visitor HTTP/1.1[0m" 401 -
2025-03-22 21:01:03,467 [INFO] 127.0.0.1 - - [22/Mar/2025 21:01:03] "[31m[1mGET / HTTP/1.1[0m" 401 -
2025-03-22 21:01:03,768 [INFO] 127.0.0.1 - - [22/Mar/2025 21:01:03] "[31m[1mGET /visitor HTTP/1.1[0m" 401 -
2025-03-22 21:01:03,771 [INFO] 127.0.0.1 - - [22/Mar/2025 21:01:03] "[31m[1mGET / HTTP/1.1[0m" 401 -
2025-03-22 21:01:04,071 [INFO] 127.0.0.1 - - [22/Mar/2025 21:01:04] "[31m[1mGET /visitor HTTP/1.1[0m" 401 -
2025-03-22 21:01:04,073 [INFO] 127.0.0.1 - - [22/Mar/2025 21:01:04] "[31m[1mGET / HTTP/1.1[0m" 401 -
2025-03-22 21:01:08,522 [INFO] 127.0.0.1 - - [22/Mar/2025 21:01:08] "[31m[1mGET / HTTP/1.1[0m" 401 -
2025-03-22 21:01:08,523 [INFO] 127.0.0.1 - - [22/Mar/2025 21:01:08] "[31m[1mGET /visitor HTTP/1.1[0m" 401 -
2025-03-22 21:01:08,772 [INFO] 127.0.0.1 - - [22/Mar/2025 21:01:08] "[31m[1mGET / HTTP/1.1[0m" 401 -
2025-03-22 21:01:08,824 [INFO] 127.0.0.1 - - [22/Mar/2025 21:01:08] "[31m[1mGET /visitor HTTP/1.1[0m" 401 -
2025-03-22 21:01:08,825 [INFO] 127.0.0.1 - - [22/Mar/2025 21:01:08] "[31m[1mGET / HTTP/1.1[0m" 401 -
2025-03-22 21:01:14,168 [INFO] Configuration chargée : Config(DATABASE_URL='sqlite:///data.db', DEBUG=True, SECRET_KEY='ma_super_cle_secrete')
2025-03-22 21:01:14,462 [INFO] Configuration chargée : Config(DATABASE_URL='sqlite:///data.db', DEBUG=True, SECRET_KEY='ma_super_cle_secrete')
2025-03-22 21:01:14,464 [INFO] BEGIN (implicit)
2025-03-22 21:01:14,464 [INFO] PRAGMA main.table_info("profile")
2025-03-22 21:01:14,465 [INFO] [raw sql] ()
2025-03-22 21:01:14,465 [INFO] COMMIT
2025-03-22 21:01:14,490 [INFO] [31m[1mWARNING: This is a development server. Do not use it in a production deployment. Use a production WSGI server instead.[0m
 * Running on http://127.0.0.1:5000
2025-03-22 21:01:14,490 [INFO] [33mPress CTRL+C to quit[0m
2025-03-22 21:01:14,503 [INFO]  * Restarting with stat
2025-03-22 21:01:14,710 [INFO] Configuration chargée : Config(DATABASE_URL='sqlite:///data.db', DEBUG=True, SECRET_KEY='ma_super_cle_secrete')
2025-03-22 21:01:14,996 [INFO] Configuration chargée : Config(DATABASE_URL='sqlite:///data.db', DEBUG=True, SECRET_KEY='ma_super_cle_secrete')
2025-03-22 21:01:14,998 [INFO] BEGIN (implicit)
2025-03-22 21:01:14,999 [INFO] PRAGMA main.table_info("profile")
2025-03-22 21:01:14,999 [INFO] [raw sql] ()
2025-03-22 21:01:14,999 [INFO] COMMIT
2025-03-22 21:01:15,011 [WARNING]  * Debugger is active!
2025-03-22 21:01:15,016 [INFO]  * Debugger PIN: 120-072-901
2025-03-22 21:01:18,948 [INFO] 127.0.0.1 - - [22/Mar/2025 21:01:18] "[31m[1mGET / HTTP/1.1[0m" 401 -
2025-03-22 21:01:18,948 [INFO] 127.0.0.1 - - [22/Mar/2025 21:01:18] "[31m[1mGET /visitor HTTP/1.1[0m" 401 -
2025-03-22 21:01:19,199 [INFO] 127.0.0.1 - - [22/Mar/2025 21:01:19] "[31m[1mGET / HTTP/1.1[0m" 401 -
2025-03-22 21:01:19,250 [INFO] 127.0.0.1 - - [22/Mar/2025 21:01:19] "[31m[1mGET /visitor HTTP/1.1[0m" 401 -
2025-03-22 21:01:19,251 [INFO] 127.0.0.1 - - [22/Mar/2025 21:01:19] "[31m[1mGET / HTTP/1.1[0m" 401 -
2025-03-22 21:01:24,117 [INFO] 127.0.0.1 - - [22/Mar/2025 21:01:24] "[31m[1mGET / HTTP/1.1[0m" 401 -
2025-03-22 21:01:24,418 [INFO] 127.0.0.1 - - [22/Mar/2025 21:01:24] "[31m[1mGET /visitor HTTP/1.1[0m" 401 -
2025-03-22 21:01:24,422 [INFO] 127.0.0.1 - - [22/Mar/2025 21:01:24] "[31m[1mGET / HTTP/1.1[0m" 401 -
2025-03-22 21:01:24,721 [INFO] 127.0.0.1 - - [22/Mar/2025 21:01:24] "[31m[1mGET /visitor HTTP/1.1[0m" 401 -
2025-03-22 21:01:24,723 [INFO] 127.0.0.1 - - [22/Mar/2025 21:01:24] "[31m[1mGET / HTTP/1.1[0m" 401 -
2025-03-26 13:39:31,864 [INFO] Configuration chargée : Config(DATABASE_URL='sqlite:///data.db', DEBUG=True, SECRET_KEY='ma_super_cle_secrete')
2025-03-26 13:39:33,779 [INFO] Configuration chargée : Config(DATABASE_URL='sqlite:///data.db', DEBUG=True, SECRET_KEY='ma_super_cle_secrete')
2025-03-26 13:39:33,794 [INFO] BEGIN (implicit)
2025-03-26 13:39:33,794 [INFO] PRAGMA main.table_info("profile")
2025-03-26 13:39:33,794 [INFO] [raw sql] ()
2025-03-26 13:39:33,794 [INFO] COMMIT
2025-03-26 13:39:33,831 [INFO] [31m[1mWARNING: This is a development server. Do not use it in a production deployment. Use a production WSGI server instead.[0m
 * Running on http://127.0.0.1:5000
2025-03-26 13:39:33,831 [INFO] [33mPress CTRL+C to quit[0m
2025-03-26 13:40:57,842 [INFO] Configuration chargée : Config(DATABASE_URL='sqlite:///data.db', DEBUG=True, SECRET_KEY='ma_super_cle_secrete')
2025-03-26 13:41:00,125 [INFO] Configuration chargée : Config(DATABASE_URL='sqlite:///data.db', DEBUG=True, SECRET_KEY='ma_super_cle_secrete')
2025-03-26 13:41:00,156 [INFO] BEGIN (implicit)
2025-03-26 13:41:00,156 [INFO] PRAGMA main.table_info("profile")
2025-03-26 13:41:00,162 [INFO] [raw sql] ()
2025-03-26 13:41:00,162 [INFO] COMMIT
2025-03-26 13:41:00,487 [INFO] [31m[1mWARNING: This is a development server. Do not use it in a production deployment. Use a production WSGI server instead.[0m
 * Running on http://127.0.0.1:5000
2025-03-26 13:41:00,488 [INFO] [33mPress CTRL+C to quit[0m
2025-03-26 13:41:00,598 [INFO]  * Restarting with stat
2025-03-26 13:41:02,116 [INFO] Configuration chargée : Config(DATABASE_URL='sqlite:///data.db', DEBUG=True, SECRET_KEY='ma_super_cle_secrete')
2025-03-26 13:41:03,320 [INFO] Configuration chargée : Config(DATABASE_URL='sqlite:///data.db', DEBUG=True, SECRET_KEY='ma_super_cle_secrete')
2025-03-26 13:41:03,336 [INFO] BEGIN (implicit)
2025-03-26 13:41:03,336 [INFO] PRAGMA main.table_info("profile")
2025-03-26 13:41:03,336 [INFO] [raw sql] ()
2025-03-26 13:41:03,336 [INFO] COMMIT
2025-03-26 13:41:03,399 [WARNING]  * Debugger is active!
2025-03-26 13:41:03,415 [INFO]  * Debugger PIN: 113-308-523
2025-03-26 13:43:16,999 [INFO] Configuration chargée : Config(DATABASE_URL='sqlite:///data.db', DEBUG=True, SECRET_KEY='ma_super_cle_secrete')
2025-03-26 13:43:18,620 [INFO] Configuration chargée : Config(DATABASE_URL='sqlite:///data.db', DEBUG=True, SECRET_KEY='ma_super_cle_secrete')
2025-03-26 13:43:18,635 [INFO] BEGIN (implicit)
2025-03-26 13:43:18,636 [INFO] PRAGMA main.table_info("profile")
2025-03-26 13:43:18,636 [INFO] [raw sql] ()
2025-03-26 13:43:18,636 [INFO] COMMIT
2025-03-26 13:43:18,719 [INFO] [31m[1mWARNING: This is a development server. Do not use it in a production deployment. Use a production WSGI server instead.[0m
 * Running on http://127.0.0.1:5000
2025-03-26 13:43:18,719 [INFO] [33mPress CTRL+C to quit[0m
2025-03-26 13:43:18,746 [INFO]  * Restarting with stat
2025-03-26 13:43:19,687 [INFO] Configuration chargée : Config(DATABASE_URL='sqlite:///data.db', DEBUG=True, SECRET_KEY='ma_super_cle_secrete')
2025-03-26 13:43:20,879 [INFO] Configuration chargée : Config(DATABASE_URL='sqlite:///data.db', DEBUG=True, SECRET_KEY='ma_super_cle_secrete')
2025-03-26 13:43:20,895 [INFO] BEGIN (implicit)
2025-03-26 13:43:20,895 [INFO] PRAGMA main.table_info("profile")
2025-03-26 13:43:20,895 [INFO] [raw sql] ()
2025-03-26 13:43:20,895 [INFO] COMMIT
2025-03-26 13:43:20,963 [WARNING]  * Debugger is active!
2025-03-26 13:43:20,975 [INFO]  * Debugger PIN: 113-308-523
